#! /usr/local/Cellar/icarus-verilog/11.0/bin/vvp
:ivl_version "11.0 (stable)";
:ivl_delay_selection "TYPICAL";
:vpi_time_precision + 0;
:vpi_module "/usr/local/Cellar/icarus-verilog/11.0/lib/ivl/system.vpi";
:vpi_module "/usr/local/Cellar/icarus-verilog/11.0/lib/ivl/vhdl_sys.vpi";
:vpi_module "/usr/local/Cellar/icarus-verilog/11.0/lib/ivl/vhdl_textio.vpi";
:vpi_module "/usr/local/Cellar/icarus-verilog/11.0/lib/ivl/v2005_math.vpi";
:vpi_module "/usr/local/Cellar/icarus-verilog/11.0/lib/ivl/va_math.vpi";
S_0x7fed48f04460 .scope module, "test" "test" 2 325;
 .timescale 0 0;
    .port_info 0 /INPUT 1 "clk";
    .port_info 1 /INPUT 1 "rst";
    .port_info 2 /OUTPUT 4 "keyRow";
    .port_info 3 /INPUT 4 "keyCol";
    .port_info 4 /OUTPUT 8 "outRow";
    .port_info 5 /OUTPUT 8 "outCol";
o0x7fed48e32008 .functor BUFZ 1, C4<z>; HiZ drive
v0x7fed48f159e0_0 .net "clk", 0 0, o0x7fed48e32008;  0 drivers
v0x7fed48f15a90_0 .net "clk_div", 0 0, v0x7fed48f14990_0;  1 drivers
v0x7fed48f15b20_0 .net "keyBuf", 3 0, v0x7fed48f155c0_0;  1 drivers
o0x7fed48e32308 .functor BUFZ 4, C4<zzzz>; HiZ drive
v0x7fed48f15bf0_0 .net "keyCol", 3 0, o0x7fed48e32308;  0 drivers
v0x7fed48f15c80_0 .net "keyRow", 3 0, v0x7fed48f157c0_0;  1 drivers
v0x7fed48f15d50_0 .net "outCol", 7 0, v0x7fed48f14e90_0;  1 drivers
v0x7fed48f15de0_0 .net "outRow", 7 0, v0x7fed48f14ff0_0;  1 drivers
o0x7fed48e32098 .functor BUFZ 1, C4<z>; HiZ drive
v0x7fed48f15e90_0 .net "rst", 0 0, o0x7fed48e32098;  0 drivers
S_0x7fed48f04660 .scope module, "u_clk_div" "clk_div" 2 333, 2 3 0, S_0x7fed48f04460;
 .timescale 0 0;
    .port_info 0 /INPUT 1 "clk";
    .port_info 1 /INPUT 1 "rst";
    .port_info 2 /OUTPUT 1 "div_clk";
v0x7fed48f04830_0 .net "clk", 0 0, o0x7fed48e32008;  alias, 0 drivers
v0x7fed48f148e0_0 .var "count", 31 0;
v0x7fed48f14990_0 .var "div_clk", 0 0;
v0x7fed48f14a40_0 .net "rst", 0 0, o0x7fed48e32098;  alias, 0 drivers
E_0x7fed48f04120/0 .event negedge, v0x7fed48f14a40_0;
E_0x7fed48f04120/1 .event posedge, v0x7fed48f04830_0;
E_0x7fed48f04120 .event/or E_0x7fed48f04120/0, E_0x7fed48f04120/1;
S_0x7fed48f14b30 .scope module, "u_dot_control" "dot_control" 2 335, 2 82 0, S_0x7fed48f04460;
 .timescale 0 0;
    .port_info 0 /INPUT 1 "clk_div";
    .port_info 1 /INPUT 1 "rst";
    .port_info 2 /INPUT 4 "keyBuf";
    .port_info 3 /OUTPUT 8 "row";
    .port_info 4 /OUTPUT 8 "col";
v0x7fed48f14de0_0 .net "clk_div", 0 0, v0x7fed48f14990_0;  alias, 1 drivers
v0x7fed48f14e90_0 .var "col", 7 0;
v0x7fed48f14f30_0 .net "keyBuf", 3 0, v0x7fed48f155c0_0;  alias, 1 drivers
v0x7fed48f14ff0_0 .var "row", 7 0;
v0x7fed48f150a0_0 .net "rst", 0 0, o0x7fed48e32098;  alias, 0 drivers
v0x7fed48f15170_0 .var "state", 2 0;
E_0x7fed48f14db0/0 .event negedge, v0x7fed48f14a40_0;
E_0x7fed48f14db0/1 .event posedge, v0x7fed48f14990_0;
E_0x7fed48f14db0 .event/or E_0x7fed48f14db0/0, E_0x7fed48f14db0/1;
S_0x7fed48f15290 .scope module, "u_keypad" "keypad" 2 334, 2 34 0, S_0x7fed48f04460;
 .timescale 0 0;
    .port_info 0 /INPUT 1 "clk";
    .port_info 1 /INPUT 1 "rst";
    .port_info 2 /OUTPUT 4 "keyRow";
    .port_info 3 /INPUT 4 "keyCol";
    .port_info 4 /OUTPUT 4 "keyBuf";
v0x7fed48f154f0_0 .net "clk", 0 0, v0x7fed48f14990_0;  alias, 1 drivers
v0x7fed48f155c0_0 .var "keyBuf", 3 0;
v0x7fed48f15660_0 .net "keyCol", 3 0, o0x7fed48e32308;  alias, 0 drivers
v0x7fed48f15710_0 .var "keyDelay", 31 0;
v0x7fed48f157c0_0 .var "keyRow", 3 0;
v0x7fed48f158b0_0 .net "rst", 0 0, o0x7fed48e32098;  alias, 0 drivers
    .scope S_0x7fed48f04660;
T_0 ;
    %wait E_0x7fed48f04120;
    %load/vec4 v0x7fed48f14a40_0;
    %nor/r;
    %flag_set/vec4 8;
    %jmp/0xz  T_0.0, 8;
    %pushi/vec4 0, 0, 32;
    %assign/vec4 v0x7fed48f148e0_0, 0;
    %pushi/vec4 0, 0, 1;
    %assign/vec4 v0x7fed48f14990_0, 0;
    %jmp T_0.1;
T_0.0 ;
    %load/vec4 v0x7fed48f148e0_0;
    %cmpi/e 2500, 0, 32;
    %jmp/0xz  T_0.2, 4;
    %pushi/vec4 0, 0, 32;
    %assign/vec4 v0x7fed48f148e0_0, 0;
    %load/vec4 v0x7fed48f14990_0;
    %inv;
    %assign/vec4 v0x7fed48f14990_0, 0;
    %jmp T_0.3;
T_0.2 ;
    %load/vec4 v0x7fed48f148e0_0;
    %addi 1, 0, 32;
    %assign/vec4 v0x7fed48f148e0_0, 0;
T_0.3 ;
T_0.1 ;
    %jmp T_0;
    .thread T_0;
    .scope S_0x7fed48f15290;
T_1 ;
    %wait E_0x7fed48f14db0;
    %load/vec4 v0x7fed48f158b0_0;
    %nor/r;
    %flag_set/vec4 8;
    %jmp/0xz  T_1.0, 8;
    %pushi/vec4 0, 0, 32;
    %assign/vec4 v0x7fed48f15710_0, 0;
    %pushi/vec4 0, 0, 4;
    %assign/vec4 v0x7fed48f155c0_0, 0;
    %pushi/vec4 14, 0, 4;
    %assign/vec4 v0x7fed48f157c0_0, 0;
    %jmp T_1.1;
T_1.0 ;
    %load/vec4 v0x7fed48f157c0_0;
    %load/vec4 v0x7fed48f15660_0;
    %concat/vec4; draw_concat_vec4
    %dup/vec4;
    %pushi/vec4 238, 0, 8;
    %cmp/u;
    %jmp/1 T_1.2, 6;
    %dup/vec4;
    %pushi/vec4 237, 0, 8;
    %cmp/u;
    %jmp/1 T_1.3, 6;
    %dup/vec4;
    %pushi/vec4 235, 0, 8;
    %cmp/u;
    %jmp/1 T_1.4, 6;
    %dup/vec4;
    %pushi/vec4 231, 0, 8;
    %cmp/u;
    %jmp/1 T_1.5, 6;
    %dup/vec4;
    %pushi/vec4 222, 0, 8;
    %cmp/u;
    %jmp/1 T_1.6, 6;
    %dup/vec4;
    %pushi/vec4 221, 0, 8;
    %cmp/u;
    %jmp/1 T_1.7, 6;
    %dup/vec4;
    %pushi/vec4 219, 0, 8;
    %cmp/u;
    %jmp/1 T_1.8, 6;
    %dup/vec4;
    %pushi/vec4 215, 0, 8;
    %cmp/u;
    %jmp/1 T_1.9, 6;
    %dup/vec4;
    %pushi/vec4 190, 0, 8;
    %cmp/u;
    %jmp/1 T_1.10, 6;
    %dup/vec4;
    %pushi/vec4 189, 0, 8;
    %cmp/u;
    %jmp/1 T_1.11, 6;
    %dup/vec4;
    %pushi/vec4 187, 0, 8;
    %cmp/u;
    %jmp/1 T_1.12, 6;
    %dup/vec4;
    %pushi/vec4 183, 0, 8;
    %cmp/u;
    %jmp/1 T_1.13, 6;
    %dup/vec4;
    %pushi/vec4 126, 0, 8;
    %cmp/u;
    %jmp/1 T_1.14, 6;
    %dup/vec4;
    %pushi/vec4 125, 0, 8;
    %cmp/u;
    %jmp/1 T_1.15, 6;
    %dup/vec4;
    %pushi/vec4 123, 0, 8;
    %cmp/u;
    %jmp/1 T_1.16, 6;
    %dup/vec4;
    %pushi/vec4 119, 0, 8;
    %cmp/u;
    %jmp/1 T_1.17, 6;
    %jmp T_1.18;
T_1.2 ;
    %pushi/vec4 7, 0, 4;
    %assign/vec4 v0x7fed48f155c0_0, 0;
    %jmp T_1.18;
T_1.3 ;
    %pushi/vec4 4, 0, 4;
    %assign/vec4 v0x7fed48f155c0_0, 0;
    %jmp T_1.18;
T_1.4 ;
    %pushi/vec4 1, 0, 4;
    %assign/vec4 v0x7fed48f155c0_0, 0;
    %jmp T_1.18;
T_1.5 ;
    %pushi/vec4 0, 0, 4;
    %assign/vec4 v0x7fed48f155c0_0, 0;
    %jmp T_1.18;
T_1.6 ;
    %pushi/vec4 8, 0, 4;
    %assign/vec4 v0x7fed48f155c0_0, 0;
    %jmp T_1.18;
T_1.7 ;
    %pushi/vec4 5, 0, 4;
    %assign/vec4 v0x7fed48f155c0_0, 0;
    %jmp T_1.18;
T_1.8 ;
    %pushi/vec4 2, 0, 4;
    %assign/vec4 v0x7fed48f155c0_0, 0;
    %jmp T_1.18;
T_1.9 ;
    %pushi/vec4 10, 0, 4;
    %assign/vec4 v0x7fed48f155c0_0, 0;
    %jmp T_1.18;
T_1.10 ;
    %pushi/vec4 9, 0, 4;
    %assign/vec4 v0x7fed48f155c0_0, 0;
    %jmp T_1.18;
T_1.11 ;
    %pushi/vec4 6, 0, 4;
    %assign/vec4 v0x7fed48f155c0_0, 0;
    %jmp T_1.18;
T_1.12 ;
    %pushi/vec4 3, 0, 4;
    %assign/vec4 v0x7fed48f155c0_0, 0;
    %jmp T_1.18;
T_1.13 ;
    %pushi/vec4 11, 0, 4;
    %assign/vec4 v0x7fed48f155c0_0, 0;
    %jmp T_1.18;
T_1.14 ;
    %pushi/vec4 12, 0, 4;
    %assign/vec4 v0x7fed48f155c0_0, 0;
    %jmp T_1.18;
T_1.15 ;
    %pushi/vec4 13, 0, 4;
    %assign/vec4 v0x7fed48f155c0_0, 0;
    %jmp T_1.18;
T_1.16 ;
    %pushi/vec4 14, 0, 4;
    %assign/vec4 v0x7fed48f155c0_0, 0;
    %jmp T_1.18;
T_1.17 ;
    %pushi/vec4 15, 0, 4;
    %assign/vec4 v0x7fed48f155c0_0, 0;
    %jmp T_1.18;
T_1.18 ;
    %pop/vec4 1;
    %load/vec4 v0x7fed48f157c0_0;
    %dup/vec4;
    %pushi/vec4 14, 0, 4;
    %cmp/u;
    %jmp/1 T_1.19, 6;
    %dup/vec4;
    %pushi/vec4 13, 0, 4;
    %cmp/u;
    %jmp/1 T_1.20, 6;
    %dup/vec4;
    %pushi/vec4 11, 0, 4;
    %cmp/u;
    %jmp/1 T_1.21, 6;
    %dup/vec4;
    %pushi/vec4 7, 0, 4;
    %cmp/u;
    %jmp/1 T_1.22, 6;
    %pushi/vec4 14, 0, 4;
    %assign/vec4 v0x7fed48f157c0_0, 0;
    %jmp T_1.24;
T_1.19 ;
    %pushi/vec4 13, 0, 4;
    %assign/vec4 v0x7fed48f157c0_0, 0;
    %jmp T_1.24;
T_1.20 ;
    %pushi/vec4 11, 0, 4;
    %assign/vec4 v0x7fed48f157c0_0, 0;
    %jmp T_1.24;
T_1.21 ;
    %pushi/vec4 7, 0, 4;
    %assign/vec4 v0x7fed48f157c0_0, 0;
    %jmp T_1.24;
T_1.22 ;
    %pushi/vec4 14, 0, 4;
    %assign/vec4 v0x7fed48f157c0_0, 0;
    %jmp T_1.24;
T_1.24 ;
    %pop/vec4 1;
T_1.1 ;
    %jmp T_1;
    .thread T_1;
    .scope S_0x7fed48f14b30;
T_2 ;
    %wait E_0x7fed48f14db0;
    %load/vec4 v0x7fed48f150a0_0;
    %pad/u 32;
    %cmpi/e 0, 0, 32;
    %jmp/0xz  T_2.0, 4;
    %pushi/vec4 0, 0, 8;
    %assign/vec4 v0x7fed48f14ff0_0, 0;
    %pushi/vec4 0, 0, 8;
    %assign/vec4 v0x7fed48f14e90_0, 0;
    %jmp T_2.1;
T_2.0 ;
    %load/vec4 v0x7fed48f14f30_0;
    %dup/vec4;
    %pushi/vec4 0, 0, 4;
    %cmp/u;
    %jmp/1 T_2.2, 6;
    %dup/vec4;
    %pushi/vec4 1, 0, 4;
    %cmp/u;
    %jmp/1 T_2.3, 6;
    %dup/vec4;
    %pushi/vec4 4, 0, 4;
    %cmp/u;
    %jmp/1 T_2.4, 6;
    %dup/vec4;
    %pushi/vec4 7, 0, 4;
    %cmp/u;
    %jmp/1 T_2.5, 6;
    %dup/vec4;
    %pushi/vec4 10, 0, 4;
    %cmp/u;
    %jmp/1 T_2.6, 6;
    %dup/vec4;
    %pushi/vec4 2, 0, 4;
    %cmp/u;
    %jmp/1 T_2.7, 6;
    %dup/vec4;
    %pushi/vec4 5, 0, 4;
    %cmp/u;
    %jmp/1 T_2.8, 6;
    %dup/vec4;
    %pushi/vec4 8, 0, 4;
    %cmp/u;
    %jmp/1 T_2.9, 6;
    %dup/vec4;
    %pushi/vec4 11, 0, 4;
    %cmp/u;
    %jmp/1 T_2.10, 6;
    %dup/vec4;
    %pushi/vec4 3, 0, 4;
    %cmp/u;
    %jmp/1 T_2.11, 6;
    %dup/vec4;
    %pushi/vec4 6, 0, 4;
    %cmp/u;
    %jmp/1 T_2.12, 6;
    %dup/vec4;
    %pushi/vec4 9, 0, 4;
    %cmp/u;
    %jmp/1 T_2.13, 6;
    %dup/vec4;
    %pushi/vec4 15, 0, 4;
    %cmp/u;
    %jmp/1 T_2.14, 6;
    %dup/vec4;
    %pushi/vec4 14, 0, 4;
    %cmp/u;
    %jmp/1 T_2.15, 6;
    %dup/vec4;
    %pushi/vec4 13, 0, 4;
    %cmp/u;
    %jmp/1 T_2.16, 6;
    %dup/vec4;
    %pushi/vec4 12, 0, 4;
    %cmp/u;
    %jmp/1 T_2.17, 6;
    %jmp T_2.18;
T_2.2 ;
    %load/vec4 v0x7fed48f15170_0;
    %dup/vec4;
    %pushi/vec4 0, 0, 3;
    %cmp/u;
    %jmp/1 T_2.19, 6;
    %dup/vec4;
    %pushi/vec4 1, 0, 3;
    %cmp/u;
    %jmp/1 T_2.20, 6;
    %dup/vec4;
    %pushi/vec4 2, 0, 3;
    %cmp/u;
    %jmp/1 T_2.21, 6;
    %dup/vec4;
    %pushi/vec4 3, 0, 3;
    %cmp/u;
    %jmp/1 T_2.22, 6;
    %dup/vec4;
    %pushi/vec4 4, 0, 3;
    %cmp/u;
    %jmp/1 T_2.23, 6;
    %dup/vec4;
    %pushi/vec4 5, 0, 3;
    %cmp/u;
    %jmp/1 T_2.24, 6;
    %dup/vec4;
    %pushi/vec4 6, 0, 3;
    %cmp/u;
    %jmp/1 T_2.25, 6;
    %dup/vec4;
    %pushi/vec4 7, 0, 3;
    %cmp/u;
    %jmp/1 T_2.26, 6;
    %jmp T_2.27;
T_2.19 ;
    %pushi/vec4 127, 0, 8;
    %assign/vec4 v0x7fed48f14ff0_0, 0;
    %pushi/vec4 0, 0, 8;
    %assign/vec4 v0x7fed48f14e90_0, 0;
    %jmp T_2.27;
T_2.20 ;
    %pushi/vec4 191, 0, 8;
    %assign/vec4 v0x7fed48f14ff0_0, 0;
    %pushi/vec4 0, 0, 8;
    %assign/vec4 v0x7fed48f14e90_0, 0;
    %jmp T_2.27;
T_2.21 ;
    %pushi/vec4 223, 0, 8;
    %assign/vec4 v0x7fed48f14ff0_0, 0;
    %pushi/vec4 0, 0, 8;
    %assign/vec4 v0x7fed48f14e90_0, 0;
    %jmp T_2.27;
T_2.22 ;
    %pushi/vec4 239, 0, 8;
    %assign/vec4 v0x7fed48f14ff0_0, 0;
    %pushi/vec4 0, 0, 8;
    %assign/vec4 v0x7fed48f14e90_0, 0;
    %jmp T_2.27;
T_2.23 ;
    %pushi/vec4 247, 0, 8;
    %assign/vec4 v0x7fed48f14ff0_0, 0;
    %pushi/vec4 0, 0, 8;
    %assign/vec4 v0x7fed48f14e90_0, 0;
    %jmp T_2.27;
T_2.24 ;
    %pushi/vec4 251, 0, 8;
    %assign/vec4 v0x7fed48f14ff0_0, 0;
    %pushi/vec4 0, 0, 8;
    %assign/vec4 v0x7fed48f14e90_0, 0;
    %jmp T_2.27;
T_2.25 ;
    %pushi/vec4 253, 0, 8;
    %assign/vec4 v0x7fed48f14ff0_0, 0;
    %pushi/vec4 192, 0, 8;
    %assign/vec4 v0x7fed48f14e90_0, 0;
    %jmp T_2.27;
T_2.26 ;
    %pushi/vec4 254, 0, 8;
    %assign/vec4 v0x7fed48f14ff0_0, 0;
    %pushi/vec4 192, 0, 8;
    %assign/vec4 v0x7fed48f14e90_0, 0;
    %jmp T_2.27;
T_2.27 ;
    %pop/vec4 1;
    %load/vec4 v0x7fed48f15170_0;
    %addi 1, 0, 3;
    %assign/vec4 v0x7fed48f15170_0, 0;
    %jmp T_2.18;
T_2.3 ;
    %load/vec4 v0x7fed48f15170_0;
    %dup/vec4;
    %pushi/vec4 0, 0, 3;
    %cmp/u;
    %jmp/1 T_2.28, 6;
    %dup/vec4;
    %pushi/vec4 1, 0, 3;
    %cmp/u;
    %jmp/1 T_2.29, 6;
    %dup/vec4;
    %pushi/vec4 2, 0, 3;
    %cmp/u;
    %jmp/1 T_2.30, 6;
    %dup/vec4;
    %pushi/vec4 3, 0, 3;
    %cmp/u;
    %jmp/1 T_2.31, 6;
    %dup/vec4;
    %pushi/vec4 4, 0, 3;
    %cmp/u;
    %jmp/1 T_2.32, 6;
    %dup/vec4;
    %pushi/vec4 5, 0, 3;
    %cmp/u;
    %jmp/1 T_2.33, 6;
    %dup/vec4;
    %pushi/vec4 6, 0, 3;
    %cmp/u;
    %jmp/1 T_2.34, 6;
    %dup/vec4;
    %pushi/vec4 7, 0, 3;
    %cmp/u;
    %jmp/1 T_2.35, 6;
    %jmp T_2.36;
T_2.28 ;
    %pushi/vec4 127, 0, 8;
    %assign/vec4 v0x7fed48f14ff0_0, 0;
    %pushi/vec4 0, 0, 8;
    %assign/vec4 v0x7fed48f14e90_0, 0;
    %jmp T_2.36;
T_2.29 ;
    %pushi/vec4 191, 0, 8;
    %assign/vec4 v0x7fed48f14ff0_0, 0;
    %pushi/vec4 0, 0, 8;
    %assign/vec4 v0x7fed48f14e90_0, 0;
    %jmp T_2.36;
T_2.30 ;
    %pushi/vec4 223, 0, 8;
    %assign/vec4 v0x7fed48f14ff0_0, 0;
    %pushi/vec4 0, 0, 8;
    %assign/vec4 v0x7fed48f14e90_0, 0;
    %jmp T_2.36;
T_2.31 ;
    %pushi/vec4 239, 0, 8;
    %assign/vec4 v0x7fed48f14ff0_0, 0;
    %pushi/vec4 0, 0, 8;
    %assign/vec4 v0x7fed48f14e90_0, 0;
    %jmp T_2.36;
T_2.32 ;
    %pushi/vec4 247, 0, 8;
    %assign/vec4 v0x7fed48f14ff0_0, 0;
    %pushi/vec4 0, 0, 8;
    %assign/vec4 v0x7fed48f14e90_0, 0;
    %jmp T_2.36;
T_2.33 ;
    %pushi/vec4 251, 0, 8;
    %assign/vec4 v0x7fed48f14ff0_0, 0;
    %pushi/vec4 0, 0, 8;
    %assign/vec4 v0x7fed48f14e90_0, 0;
    %jmp T_2.36;
T_2.34 ;
    %pushi/vec4 253, 0, 8;
    %assign/vec4 v0x7fed48f14ff0_0, 0;
    %pushi/vec4 48, 0, 8;
    %assign/vec4 v0x7fed48f14e90_0, 0;
    %jmp T_2.36;
T_2.35 ;
    %pushi/vec4 254, 0, 8;
    %assign/vec4 v0x7fed48f14ff0_0, 0;
    %pushi/vec4 48, 0, 8;
    %assign/vec4 v0x7fed48f14e90_0, 0;
    %jmp T_2.36;
T_2.36 ;
    %pop/vec4 1;
    %load/vec4 v0x7fed48f15170_0;
    %addi 1, 0, 3;
    %assign/vec4 v0x7fed48f15170_0, 0;
    %jmp T_2.18;
T_2.4 ;
    %load/vec4 v0x7fed48f15170_0;
    %dup/vec4;
    %pushi/vec4 0, 0, 3;
    %cmp/u;
    %jmp/1 T_2.37, 6;
    %dup/vec4;
    %pushi/vec4 1, 0, 3;
    %cmp/u;
    %jmp/1 T_2.38, 6;
    %dup/vec4;
    %pushi/vec4 2, 0, 3;
    %cmp/u;
    %jmp/1 T_2.39, 6;
    %dup/vec4;
    %pushi/vec4 3, 0, 3;
    %cmp/u;
    %jmp/1 T_2.40, 6;
    %dup/vec4;
    %pushi/vec4 4, 0, 3;
    %cmp/u;
    %jmp/1 T_2.41, 6;
    %dup/vec4;
    %pushi/vec4 5, 0, 3;
    %cmp/u;
    %jmp/1 T_2.42, 6;
    %dup/vec4;
    %pushi/vec4 6, 0, 3;
    %cmp/u;
    %jmp/1 T_2.43, 6;
    %dup/vec4;
    %pushi/vec4 7, 0, 3;
    %cmp/u;
    %jmp/1 T_2.44, 6;
    %jmp T_2.45;
T_2.37 ;
    %pushi/vec4 127, 0, 8;
    %assign/vec4 v0x7fed48f14ff0_0, 0;
    %pushi/vec4 0, 0, 8;
    %assign/vec4 v0x7fed48f14e90_0, 0;
    %jmp T_2.45;
T_2.38 ;
    %pushi/vec4 191, 0, 8;
    %assign/vec4 v0x7fed48f14ff0_0, 0;
    %pushi/vec4 0, 0, 8;
    %assign/vec4 v0x7fed48f14e90_0, 0;
    %jmp T_2.45;
T_2.39 ;
    %pushi/vec4 223, 0, 8;
    %assign/vec4 v0x7fed48f14ff0_0, 0;
    %pushi/vec4 0, 0, 8;
    %assign/vec4 v0x7fed48f14e90_0, 0;
    %jmp T_2.45;
T_2.40 ;
    %pushi/vec4 239, 0, 8;
    %assign/vec4 v0x7fed48f14ff0_0, 0;
    %pushi/vec4 0, 0, 8;
    %assign/vec4 v0x7fed48f14e90_0, 0;
    %jmp T_2.45;
T_2.41 ;
    %pushi/vec4 247, 0, 8;
    %assign/vec4 v0x7fed48f14ff0_0, 0;
    %pushi/vec4 0, 0, 8;
    %assign/vec4 v0x7fed48f14e90_0, 0;
    %jmp T_2.45;
T_2.42 ;
    %pushi/vec4 251, 0, 8;
    %assign/vec4 v0x7fed48f14ff0_0, 0;
    %pushi/vec4 0, 0, 8;
    %assign/vec4 v0x7fed48f14e90_0, 0;
    %jmp T_2.45;
T_2.43 ;
    %pushi/vec4 253, 0, 8;
    %assign/vec4 v0x7fed48f14ff0_0, 0;
    %pushi/vec4 12, 0, 8;
    %assign/vec4 v0x7fed48f14e90_0, 0;
    %jmp T_2.45;
T_2.44 ;
    %pushi/vec4 254, 0, 8;
    %assign/vec4 v0x7fed48f14ff0_0, 0;
    %pushi/vec4 12, 0, 8;
    %assign/vec4 v0x7fed48f14e90_0, 0;
    %jmp T_2.45;
T_2.45 ;
    %pop/vec4 1;
    %load/vec4 v0x7fed48f15170_0;
    %addi 1, 0, 3;
    %assign/vec4 v0x7fed48f15170_0, 0;
    %jmp T_2.18;
T_2.5 ;
    %load/vec4 v0x7fed48f15170_0;
    %dup/vec4;
    %pushi/vec4 0, 0, 3;
    %cmp/u;
    %jmp/1 T_2.46, 6;
    %dup/vec4;
    %pushi/vec4 1, 0, 3;
    %cmp/u;
    %jmp/1 T_2.47, 6;
    %dup/vec4;
    %pushi/vec4 2, 0, 3;
    %cmp/u;
    %jmp/1 T_2.48, 6;
    %dup/vec4;
    %pushi/vec4 3, 0, 3;
    %cmp/u;
    %jmp/1 T_2.49, 6;
    %dup/vec4;
    %pushi/vec4 4, 0, 3;
    %cmp/u;
    %jmp/1 T_2.50, 6;
    %dup/vec4;
    %pushi/vec4 5, 0, 3;
    %cmp/u;
    %jmp/1 T_2.51, 6;
    %dup/vec4;
    %pushi/vec4 6, 0, 3;
    %cmp/u;
    %jmp/1 T_2.52, 6;
    %dup/vec4;
    %pushi/vec4 7, 0, 3;
    %cmp/u;
    %jmp/1 T_2.53, 6;
    %jmp T_2.54;
T_2.46 ;
    %pushi/vec4 127, 0, 8;
    %assign/vec4 v0x7fed48f14ff0_0, 0;
    %pushi/vec4 0, 0, 8;
    %assign/vec4 v0x7fed48f14e90_0, 0;
    %jmp T_2.54;
T_2.47 ;
    %pushi/vec4 191, 0, 8;
    %assign/vec4 v0x7fed48f14ff0_0, 0;
    %pushi/vec4 0, 0, 8;
    %assign/vec4 v0x7fed48f14e90_0, 0;
    %jmp T_2.54;
T_2.48 ;
    %pushi/vec4 223, 0, 8;
    %assign/vec4 v0x7fed48f14ff0_0, 0;
    %pushi/vec4 0, 0, 8;
    %assign/vec4 v0x7fed48f14e90_0, 0;
    %jmp T_2.54;
T_2.49 ;
    %pushi/vec4 239, 0, 8;
    %assign/vec4 v0x7fed48f14ff0_0, 0;
    %pushi/vec4 0, 0, 8;
    %assign/vec4 v0x7fed48f14e90_0, 0;
    %jmp T_2.54;
T_2.50 ;
    %pushi/vec4 247, 0, 8;
    %assign/vec4 v0x7fed48f14ff0_0, 0;
    %pushi/vec4 0, 0, 8;
    %assign/vec4 v0x7fed48f14e90_0, 0;
    %jmp T_2.54;
T_2.51 ;
    %pushi/vec4 251, 0, 8;
    %assign/vec4 v0x7fed48f14ff0_0, 0;
    %pushi/vec4 0, 0, 8;
    %assign/vec4 v0x7fed48f14e90_0, 0;
    %jmp T_2.54;
T_2.52 ;
    %pushi/vec4 253, 0, 8;
    %assign/vec4 v0x7fed48f14ff0_0, 0;
    %pushi/vec4 3, 0, 8;
    %assign/vec4 v0x7fed48f14e90_0, 0;
    %jmp T_2.54;
T_2.53 ;
    %pushi/vec4 254, 0, 8;
    %assign/vec4 v0x7fed48f14ff0_0, 0;
    %pushi/vec4 3, 0, 8;
    %assign/vec4 v0x7fed48f14e90_0, 0;
    %jmp T_2.54;
T_2.54 ;
    %pop/vec4 1;
    %load/vec4 v0x7fed48f15170_0;
    %addi 1, 0, 3;
    %assign/vec4 v0x7fed48f15170_0, 0;
    %jmp T_2.18;
T_2.6 ;
    %load/vec4 v0x7fed48f15170_0;
    %dup/vec4;
    %pushi/vec4 0, 0, 3;
    %cmp/u;
    %jmp/1 T_2.55, 6;
    %dup/vec4;
    %pushi/vec4 1, 0, 3;
    %cmp/u;
    %jmp/1 T_2.56, 6;
    %dup/vec4;
    %pushi/vec4 2, 0, 3;
    %cmp/u;
    %jmp/1 T_2.57, 6;
    %dup/vec4;
    %pushi/vec4 3, 0, 3;
    %cmp/u;
    %jmp/1 T_2.58, 6;
    %dup/vec4;
    %pushi/vec4 4, 0, 3;
    %cmp/u;
    %jmp/1 T_2.59, 6;
    %dup/vec4;
    %pushi/vec4 5, 0, 3;
    %cmp/u;
    %jmp/1 T_2.60, 6;
    %dup/vec4;
    %pushi/vec4 6, 0, 3;
    %cmp/u;
    %jmp/1 T_2.61, 6;
    %dup/vec4;
    %pushi/vec4 7, 0, 3;
    %cmp/u;
    %jmp/1 T_2.62, 6;
    %jmp T_2.63;
T_2.55 ;
    %pushi/vec4 127, 0, 8;
    %assign/vec4 v0x7fed48f14ff0_0, 0;
    %pushi/vec4 0, 0, 8;
    %assign/vec4 v0x7fed48f14e90_0, 0;
    %jmp T_2.63;
T_2.56 ;
    %pushi/vec4 191, 0, 8;
    %assign/vec4 v0x7fed48f14ff0_0, 0;
    %pushi/vec4 0, 0, 8;
    %assign/vec4 v0x7fed48f14e90_0, 0;
    %jmp T_2.63;
T_2.57 ;
    %pushi/vec4 223, 0, 8;
    %assign/vec4 v0x7fed48f14ff0_0, 0;
    %pushi/vec4 0, 0, 8;
    %assign/vec4 v0x7fed48f14e90_0, 0;
    %jmp T_2.63;
T_2.58 ;
    %pushi/vec4 239, 0, 8;
    %assign/vec4 v0x7fed48f14ff0_0, 0;
    %pushi/vec4 0, 0, 8;
    %assign/vec4 v0x7fed48f14e90_0, 0;
    %jmp T_2.63;
T_2.59 ;
    %pushi/vec4 247, 0, 8;
    %assign/vec4 v0x7fed48f14ff0_0, 0;
    %pushi/vec4 192, 0, 8;
    %assign/vec4 v0x7fed48f14e90_0, 0;
    %jmp T_2.63;
T_2.60 ;
    %pushi/vec4 251, 0, 8;
    %assign/vec4 v0x7fed48f14ff0_0, 0;
    %pushi/vec4 192, 0, 8;
    %assign/vec4 v0x7fed48f14e90_0, 0;
    %jmp T_2.63;
T_2.61 ;
    %pushi/vec4 253, 0, 8;
    %assign/vec4 v0x7fed48f14ff0_0, 0;
    %pushi/vec4 0, 0, 8;
    %assign/vec4 v0x7fed48f14e90_0, 0;
    %jmp T_2.63;
T_2.62 ;
    %pushi/vec4 254, 0, 8;
    %assign/vec4 v0x7fed48f14ff0_0, 0;
    %pushi/vec4 0, 0, 8;
    %assign/vec4 v0x7fed48f14e90_0, 0;
    %jmp T_2.63;
T_2.63 ;
    %pop/vec4 1;
    %load/vec4 v0x7fed48f15170_0;
    %addi 1, 0, 3;
    %assign/vec4 v0x7fed48f15170_0, 0;
    %jmp T_2.18;
T_2.7 ;
    %load/vec4 v0x7fed48f15170_0;
    %dup/vec4;
    %pushi/vec4 0, 0, 3;
    %cmp/u;
    %jmp/1 T_2.64, 6;
    %dup/vec4;
    %pushi/vec4 1, 0, 3;
    %cmp/u;
    %jmp/1 T_2.65, 6;
    %dup/vec4;
    %pushi/vec4 2, 0, 3;
    %cmp/u;
    %jmp/1 T_2.66, 6;
    %dup/vec4;
    %pushi/vec4 3, 0, 3;
    %cmp/u;
    %jmp/1 T_2.67, 6;
    %dup/vec4;
    %pushi/vec4 4, 0, 3;
    %cmp/u;
    %jmp/1 T_2.68, 6;
    %dup/vec4;
    %pushi/vec4 5, 0, 3;
    %cmp/u;
    %jmp/1 T_2.69, 6;
    %dup/vec4;
    %pushi/vec4 6, 0, 3;
    %cmp/u;
    %jmp/1 T_2.70, 6;
    %dup/vec4;
    %pushi/vec4 7, 0, 3;
    %cmp/u;
    %jmp/1 T_2.71, 6;
    %jmp T_2.72;
T_2.64 ;
    %pushi/vec4 127, 0, 8;
    %assign/vec4 v0x7fed48f14ff0_0, 0;
    %pushi/vec4 0, 0, 8;
    %assign/vec4 v0x7fed48f14e90_0, 0;
    %jmp T_2.72;
T_2.65 ;
    %pushi/vec4 191, 0, 8;
    %assign/vec4 v0x7fed48f14ff0_0, 0;
    %pushi/vec4 0, 0, 8;
    %assign/vec4 v0x7fed48f14e90_0, 0;
    %jmp T_2.72;
T_2.66 ;
    %pushi/vec4 223, 0, 8;
    %assign/vec4 v0x7fed48f14ff0_0, 0;
    %pushi/vec4 0, 0, 8;
    %assign/vec4 v0x7fed48f14e90_0, 0;
    %jmp T_2.72;
T_2.67 ;
    %pushi/vec4 239, 0, 8;
    %assign/vec4 v0x7fed48f14ff0_0, 0;
    %pushi/vec4 0, 0, 8;
    %assign/vec4 v0x7fed48f14e90_0, 0;
    %jmp T_2.72;
T_2.68 ;
    %pushi/vec4 247, 0, 8;
    %assign/vec4 v0x7fed48f14ff0_0, 0;
    %pushi/vec4 48, 0, 8;
    %assign/vec4 v0x7fed48f14e90_0, 0;
    %jmp T_2.72;
T_2.69 ;
    %pushi/vec4 251, 0, 8;
    %assign/vec4 v0x7fed48f14ff0_0, 0;
    %pushi/vec4 48, 0, 8;
    %assign/vec4 v0x7fed48f14e90_0, 0;
    %jmp T_2.72;
T_2.70 ;
    %pushi/vec4 253, 0, 8;
    %assign/vec4 v0x7fed48f14ff0_0, 0;
    %pushi/vec4 0, 0, 8;
    %assign/vec4 v0x7fed48f14e90_0, 0;
    %jmp T_2.72;
T_2.71 ;
    %pushi/vec4 254, 0, 8;
    %assign/vec4 v0x7fed48f14ff0_0, 0;
    %pushi/vec4 0, 0, 8;
    %assign/vec4 v0x7fed48f14e90_0, 0;
    %jmp T_2.72;
T_2.72 ;
    %pop/vec4 1;
    %load/vec4 v0x7fed48f15170_0;
    %addi 1, 0, 3;
    %assign/vec4 v0x7fed48f15170_0, 0;
    %jmp T_2.18;
T_2.8 ;
    %load/vec4 v0x7fed48f15170_0;
    %dup/vec4;
    %pushi/vec4 0, 0, 3;
    %cmp/u;
    %jmp/1 T_2.73, 6;
    %dup/vec4;
    %pushi/vec4 1, 0, 3;
    %cmp/u;
    %jmp/1 T_2.74, 6;
    %dup/vec4;
    %pushi/vec4 2, 0, 3;
    %cmp/u;
    %jmp/1 T_2.75, 6;
    %dup/vec4;
    %pushi/vec4 3, 0, 3;
    %cmp/u;
    %jmp/1 T_2.76, 6;
    %dup/vec4;
    %pushi/vec4 4, 0, 3;
    %cmp/u;
    %jmp/1 T_2.77, 6;
    %dup/vec4;
    %pushi/vec4 5, 0, 3;
    %cmp/u;
    %jmp/1 T_2.78, 6;
    %dup/vec4;
    %pushi/vec4 6, 0, 3;
    %cmp/u;
    %jmp/1 T_2.79, 6;
    %dup/vec4;
    %pushi/vec4 7, 0, 3;
    %cmp/u;
    %jmp/1 T_2.80, 6;
    %jmp T_2.81;
T_2.73 ;
    %pushi/vec4 127, 0, 8;
    %assign/vec4 v0x7fed48f14ff0_0, 0;
    %pushi/vec4 0, 0, 8;
    %assign/vec4 v0x7fed48f14e90_0, 0;
    %jmp T_2.81;
T_2.74 ;
    %pushi/vec4 191, 0, 8;
    %assign/vec4 v0x7fed48f14ff0_0, 0;
    %pushi/vec4 0, 0, 8;
    %assign/vec4 v0x7fed48f14e90_0, 0;
    %jmp T_2.81;
T_2.75 ;
    %pushi/vec4 223, 0, 8;
    %assign/vec4 v0x7fed48f14ff0_0, 0;
    %pushi/vec4 0, 0, 8;
    %assign/vec4 v0x7fed48f14e90_0, 0;
    %jmp T_2.81;
T_2.76 ;
    %pushi/vec4 239, 0, 8;
    %assign/vec4 v0x7fed48f14ff0_0, 0;
    %pushi/vec4 0, 0, 8;
    %assign/vec4 v0x7fed48f14e90_0, 0;
    %jmp T_2.81;
T_2.77 ;
    %pushi/vec4 247, 0, 8;
    %assign/vec4 v0x7fed48f14ff0_0, 0;
    %pushi/vec4 12, 0, 8;
    %assign/vec4 v0x7fed48f14e90_0, 0;
    %jmp T_2.81;
T_2.78 ;
    %pushi/vec4 251, 0, 8;
    %assign/vec4 v0x7fed48f14ff0_0, 0;
    %pushi/vec4 12, 0, 8;
    %assign/vec4 v0x7fed48f14e90_0, 0;
    %jmp T_2.81;
T_2.79 ;
    %pushi/vec4 253, 0, 8;
    %assign/vec4 v0x7fed48f14ff0_0, 0;
    %pushi/vec4 0, 0, 8;
    %assign/vec4 v0x7fed48f14e90_0, 0;
    %jmp T_2.81;
T_2.80 ;
    %pushi/vec4 254, 0, 8;
    %assign/vec4 v0x7fed48f14ff0_0, 0;
    %pushi/vec4 0, 0, 8;
    %assign/vec4 v0x7fed48f14e90_0, 0;
    %jmp T_2.81;
T_2.81 ;
    %pop/vec4 1;
    %load/vec4 v0x7fed48f15170_0;
    %addi 1, 0, 3;
    %assign/vec4 v0x7fed48f15170_0, 0;
    %jmp T_2.18;
T_2.9 ;
    %load/vec4 v0x7fed48f15170_0;
    %dup/vec4;
    %pushi/vec4 0, 0, 3;
    %cmp/u;
    %jmp/1 T_2.82, 6;
    %dup/vec4;
    %pushi/vec4 1, 0, 3;
    %cmp/u;
    %jmp/1 T_2.83, 6;
    %dup/vec4;
    %pushi/vec4 2, 0, 3;
    %cmp/u;
    %jmp/1 T_2.84, 6;
    %dup/vec4;
    %pushi/vec4 3, 0, 3;
    %cmp/u;
    %jmp/1 T_2.85, 6;
    %dup/vec4;
    %pushi/vec4 4, 0, 3;
    %cmp/u;
    %jmp/1 T_2.86, 6;
    %dup/vec4;
    %pushi/vec4 5, 0, 3;
    %cmp/u;
    %jmp/1 T_2.87, 6;
    %dup/vec4;
    %pushi/vec4 6, 0, 3;
    %cmp/u;
    %jmp/1 T_2.88, 6;
    %dup/vec4;
    %pushi/vec4 7, 0, 3;
    %cmp/u;
    %jmp/1 T_2.89, 6;
    %jmp T_2.90;
T_2.82 ;
    %pushi/vec4 127, 0, 8;
    %assign/vec4 v0x7fed48f14ff0_0, 0;
    %pushi/vec4 0, 0, 8;
    %assign/vec4 v0x7fed48f14e90_0, 0;
    %jmp T_2.90;
T_2.83 ;
    %pushi/vec4 191, 0, 8;
    %assign/vec4 v0x7fed48f14ff0_0, 0;
    %pushi/vec4 0, 0, 8;
    %assign/vec4 v0x7fed48f14e90_0, 0;
    %jmp T_2.90;
T_2.84 ;
    %pushi/vec4 223, 0, 8;
    %assign/vec4 v0x7fed48f14ff0_0, 0;
    %pushi/vec4 0, 0, 8;
    %assign/vec4 v0x7fed48f14e90_0, 0;
    %jmp T_2.90;
T_2.85 ;
    %pushi/vec4 239, 0, 8;
    %assign/vec4 v0x7fed48f14ff0_0, 0;
    %pushi/vec4 0, 0, 8;
    %assign/vec4 v0x7fed48f14e90_0, 0;
    %jmp T_2.90;
T_2.86 ;
    %pushi/vec4 247, 0, 8;
    %assign/vec4 v0x7fed48f14ff0_0, 0;
    %pushi/vec4 3, 0, 8;
    %assign/vec4 v0x7fed48f14e90_0, 0;
    %jmp T_2.90;
T_2.87 ;
    %pushi/vec4 251, 0, 8;
    %assign/vec4 v0x7fed48f14ff0_0, 0;
    %pushi/vec4 3, 0, 8;
    %assign/vec4 v0x7fed48f14e90_0, 0;
    %jmp T_2.90;
T_2.88 ;
    %pushi/vec4 253, 0, 8;
    %assign/vec4 v0x7fed48f14ff0_0, 0;
    %pushi/vec4 0, 0, 8;
    %assign/vec4 v0x7fed48f14e90_0, 0;
    %jmp T_2.90;
T_2.89 ;
    %pushi/vec4 254, 0, 8;
    %assign/vec4 v0x7fed48f14ff0_0, 0;
    %pushi/vec4 0, 0, 8;
    %assign/vec4 v0x7fed48f14e90_0, 0;
    %jmp T_2.90;
T_2.90 ;
    %pop/vec4 1;
    %load/vec4 v0x7fed48f15170_0;
    %addi 1, 0, 3;
    %assign/vec4 v0x7fed48f15170_0, 0;
    %jmp T_2.18;
T_2.10 ;
    %load/vec4 v0x7fed48f15170_0;
    %dup/vec4;
    %pushi/vec4 0, 0, 3;
    %cmp/u;
    %jmp/1 T_2.91, 6;
    %dup/vec4;
    %pushi/vec4 1, 0, 3;
    %cmp/u;
    %jmp/1 T_2.92, 6;
    %dup/vec4;
    %pushi/vec4 2, 0, 3;
    %cmp/u;
    %jmp/1 T_2.93, 6;
    %dup/vec4;
    %pushi/vec4 3, 0, 3;
    %cmp/u;
    %jmp/1 T_2.94, 6;
    %dup/vec4;
    %pushi/vec4 4, 0, 3;
    %cmp/u;
    %jmp/1 T_2.95, 6;
    %dup/vec4;
    %pushi/vec4 5, 0, 3;
    %cmp/u;
    %jmp/1 T_2.96, 6;
    %dup/vec4;
    %pushi/vec4 6, 0, 3;
    %cmp/u;
    %jmp/1 T_2.97, 6;
    %dup/vec4;
    %pushi/vec4 7, 0, 3;
    %cmp/u;
    %jmp/1 T_2.98, 6;
    %jmp T_2.99;
T_2.91 ;
    %pushi/vec4 127, 0, 8;
    %assign/vec4 v0x7fed48f14ff0_0, 0;
    %pushi/vec4 0, 0, 8;
    %assign/vec4 v0x7fed48f14e90_0, 0;
    %jmp T_2.99;
T_2.92 ;
    %pushi/vec4 191, 0, 8;
    %assign/vec4 v0x7fed48f14ff0_0, 0;
    %pushi/vec4 0, 0, 8;
    %assign/vec4 v0x7fed48f14e90_0, 0;
    %jmp T_2.99;
T_2.93 ;
    %pushi/vec4 223, 0, 8;
    %assign/vec4 v0x7fed48f14ff0_0, 0;
    %pushi/vec4 192, 0, 8;
    %assign/vec4 v0x7fed48f14e90_0, 0;
    %jmp T_2.99;
T_2.94 ;
    %pushi/vec4 239, 0, 8;
    %assign/vec4 v0x7fed48f14ff0_0, 0;
    %pushi/vec4 192, 0, 8;
    %assign/vec4 v0x7fed48f14e90_0, 0;
    %jmp T_2.99;
T_2.95 ;
    %pushi/vec4 247, 0, 8;
    %assign/vec4 v0x7fed48f14ff0_0, 0;
    %pushi/vec4 0, 0, 8;
    %assign/vec4 v0x7fed48f14e90_0, 0;
    %jmp T_2.99;
T_2.96 ;
    %pushi/vec4 251, 0, 8;
    %assign/vec4 v0x7fed48f14ff0_0, 0;
    %pushi/vec4 0, 0, 8;
    %assign/vec4 v0x7fed48f14e90_0, 0;
    %jmp T_2.99;
T_2.97 ;
    %pushi/vec4 253, 0, 8;
    %assign/vec4 v0x7fed48f14ff0_0, 0;
    %pushi/vec4 0, 0, 8;
    %assign/vec4 v0x7fed48f14e90_0, 0;
    %jmp T_2.99;
T_2.98 ;
    %pushi/vec4 254, 0, 8;
    %assign/vec4 v0x7fed48f14ff0_0, 0;
    %pushi/vec4 0, 0, 8;
    %assign/vec4 v0x7fed48f14e90_0, 0;
    %jmp T_2.99;
T_2.99 ;
    %pop/vec4 1;
    %load/vec4 v0x7fed48f15170_0;
    %addi 1, 0, 3;
    %assign/vec4 v0x7fed48f15170_0, 0;
    %jmp T_2.18;
T_2.11 ;
    %load/vec4 v0x7fed48f15170_0;
    %dup/vec4;
    %pushi/vec4 0, 0, 3;
    %cmp/u;
    %jmp/1 T_2.100, 6;
    %dup/vec4;
    %pushi/vec4 1, 0, 3;
    %cmp/u;
    %jmp/1 T_2.101, 6;
    %dup/vec4;
    %pushi/vec4 2, 0, 3;
    %cmp/u;
    %jmp/1 T_2.102, 6;
    %dup/vec4;
    %pushi/vec4 3, 0, 3;
    %cmp/u;
    %jmp/1 T_2.103, 6;
    %dup/vec4;
    %pushi/vec4 4, 0, 3;
    %cmp/u;
    %jmp/1 T_2.104, 6;
    %dup/vec4;
    %pushi/vec4 5, 0, 3;
    %cmp/u;
    %jmp/1 T_2.105, 6;
    %dup/vec4;
    %pushi/vec4 6, 0, 3;
    %cmp/u;
    %jmp/1 T_2.106, 6;
    %dup/vec4;
    %pushi/vec4 7, 0, 3;
    %cmp/u;
    %jmp/1 T_2.107, 6;
    %jmp T_2.108;
T_2.100 ;
    %pushi/vec4 127, 0, 8;
    %assign/vec4 v0x7fed48f14ff0_0, 0;
    %pushi/vec4 0, 0, 8;
    %assign/vec4 v0x7fed48f14e90_0, 0;
    %jmp T_2.108;
T_2.101 ;
    %pushi/vec4 191, 0, 8;
    %assign/vec4 v0x7fed48f14ff0_0, 0;
    %pushi/vec4 0, 0, 8;
    %assign/vec4 v0x7fed48f14e90_0, 0;
    %jmp T_2.108;
T_2.102 ;
    %pushi/vec4 223, 0, 8;
    %assign/vec4 v0x7fed48f14ff0_0, 0;
    %pushi/vec4 48, 0, 8;
    %assign/vec4 v0x7fed48f14e90_0, 0;
    %jmp T_2.108;
T_2.103 ;
    %pushi/vec4 239, 0, 8;
    %assign/vec4 v0x7fed48f14ff0_0, 0;
    %pushi/vec4 48, 0, 8;
    %assign/vec4 v0x7fed48f14e90_0, 0;
    %jmp T_2.108;
T_2.104 ;
    %pushi/vec4 247, 0, 8;
    %assign/vec4 v0x7fed48f14ff0_0, 0;
    %pushi/vec4 0, 0, 8;
    %assign/vec4 v0x7fed48f14e90_0, 0;
    %jmp T_2.108;
T_2.105 ;
    %pushi/vec4 251, 0, 8;
    %assign/vec4 v0x7fed48f14ff0_0, 0;
    %pushi/vec4 0, 0, 8;
    %assign/vec4 v0x7fed48f14e90_0, 0;
    %jmp T_2.108;
T_2.106 ;
    %pushi/vec4 253, 0, 8;
    %assign/vec4 v0x7fed48f14ff0_0, 0;
    %pushi/vec4 0, 0, 8;
    %assign/vec4 v0x7fed48f14e90_0, 0;
    %jmp T_2.108;
T_2.107 ;
    %pushi/vec4 254, 0, 8;
    %assign/vec4 v0x7fed48f14ff0_0, 0;
    %pushi/vec4 0, 0, 8;
    %assign/vec4 v0x7fed48f14e90_0, 0;
    %jmp T_2.108;
T_2.108 ;
    %pop/vec4 1;
    %load/vec4 v0x7fed48f15170_0;
    %addi 1, 0, 3;
    %assign/vec4 v0x7fed48f15170_0, 0;
    %jmp T_2.18;
T_2.12 ;
    %load/vec4 v0x7fed48f15170_0;
    %dup/vec4;
    %pushi/vec4 0, 0, 3;
    %cmp/u;
    %jmp/1 T_2.109, 6;
    %dup/vec4;
    %pushi/vec4 1, 0, 3;
    %cmp/u;
    %jmp/1 T_2.110, 6;
    %dup/vec4;
    %pushi/vec4 2, 0, 3;
    %cmp/u;
    %jmp/1 T_2.111, 6;
    %dup/vec4;
    %pushi/vec4 3, 0, 3;
    %cmp/u;
    %jmp/1 T_2.112, 6;
    %dup/vec4;
    %pushi/vec4 4, 0, 3;
    %cmp/u;
    %jmp/1 T_2.113, 6;
    %dup/vec4;
    %pushi/vec4 5, 0, 3;
    %cmp/u;
    %jmp/1 T_2.114, 6;
    %dup/vec4;
    %pushi/vec4 6, 0, 3;
    %cmp/u;
    %jmp/1 T_2.115, 6;
    %dup/vec4;
    %pushi/vec4 7, 0, 3;
    %cmp/u;
    %jmp/1 T_2.116, 6;
    %jmp T_2.117;
T_2.109 ;
    %pushi/vec4 127, 0, 8;
    %assign/vec4 v0x7fed48f14ff0_0, 0;
    %pushi/vec4 0, 0, 8;
    %assign/vec4 v0x7fed48f14e90_0, 0;
    %jmp T_2.117;
T_2.110 ;
    %pushi/vec4 191, 0, 8;
    %assign/vec4 v0x7fed48f14ff0_0, 0;
    %pushi/vec4 0, 0, 8;
    %assign/vec4 v0x7fed48f14e90_0, 0;
    %jmp T_2.117;
T_2.111 ;
    %pushi/vec4 223, 0, 8;
    %assign/vec4 v0x7fed48f14ff0_0, 0;
    %pushi/vec4 12, 0, 8;
    %assign/vec4 v0x7fed48f14e90_0, 0;
    %jmp T_2.117;
T_2.112 ;
    %pushi/vec4 239, 0, 8;
    %assign/vec4 v0x7fed48f14ff0_0, 0;
    %pushi/vec4 12, 0, 8;
    %assign/vec4 v0x7fed48f14e90_0, 0;
    %jmp T_2.117;
T_2.113 ;
    %pushi/vec4 247, 0, 8;
    %assign/vec4 v0x7fed48f14ff0_0, 0;
    %pushi/vec4 0, 0, 8;
    %assign/vec4 v0x7fed48f14e90_0, 0;
    %jmp T_2.117;
T_2.114 ;
    %pushi/vec4 251, 0, 8;
    %assign/vec4 v0x7fed48f14ff0_0, 0;
    %pushi/vec4 0, 0, 8;
    %assign/vec4 v0x7fed48f14e90_0, 0;
    %jmp T_2.117;
T_2.115 ;
    %pushi/vec4 253, 0, 8;
    %assign/vec4 v0x7fed48f14ff0_0, 0;
    %pushi/vec4 0, 0, 8;
    %assign/vec4 v0x7fed48f14e90_0, 0;
    %jmp T_2.117;
T_2.116 ;
    %pushi/vec4 254, 0, 8;
    %assign/vec4 v0x7fed48f14ff0_0, 0;
    %pushi/vec4 0, 0, 8;
    %assign/vec4 v0x7fed48f14e90_0, 0;
    %jmp T_2.117;
T_2.117 ;
    %pop/vec4 1;
    %load/vec4 v0x7fed48f15170_0;
    %addi 1, 0, 3;
    %assign/vec4 v0x7fed48f15170_0, 0;
    %jmp T_2.18;
T_2.13 ;
    %load/vec4 v0x7fed48f15170_0;
    %dup/vec4;
    %pushi/vec4 0, 0, 3;
    %cmp/u;
    %jmp/1 T_2.118, 6;
    %dup/vec4;
    %pushi/vec4 1, 0, 3;
    %cmp/u;
    %jmp/1 T_2.119, 6;
    %dup/vec4;
    %pushi/vec4 2, 0, 3;
    %cmp/u;
    %jmp/1 T_2.120, 6;
    %dup/vec4;
    %pushi/vec4 3, 0, 3;
    %cmp/u;
    %jmp/1 T_2.121, 6;
    %dup/vec4;
    %pushi/vec4 4, 0, 3;
    %cmp/u;
    %jmp/1 T_2.122, 6;
    %dup/vec4;
    %pushi/vec4 5, 0, 3;
    %cmp/u;
    %jmp/1 T_2.123, 6;
    %dup/vec4;
    %pushi/vec4 6, 0, 3;
    %cmp/u;
    %jmp/1 T_2.124, 6;
    %dup/vec4;
    %pushi/vec4 7, 0, 3;
    %cmp/u;
    %jmp/1 T_2.125, 6;
    %jmp T_2.126;
T_2.118 ;
    %pushi/vec4 127, 0, 8;
    %assign/vec4 v0x7fed48f14ff0_0, 0;
    %pushi/vec4 0, 0, 8;
    %assign/vec4 v0x7fed48f14e90_0, 0;
    %jmp T_2.126;
T_2.119 ;
    %pushi/vec4 191, 0, 8;
    %assign/vec4 v0x7fed48f14ff0_0, 0;
    %pushi/vec4 0, 0, 8;
    %assign/vec4 v0x7fed48f14e90_0, 0;
    %jmp T_2.126;
T_2.120 ;
    %pushi/vec4 223, 0, 8;
    %assign/vec4 v0x7fed48f14ff0_0, 0;
    %pushi/vec4 3, 0, 8;
    %assign/vec4 v0x7fed48f14e90_0, 0;
    %jmp T_2.126;
T_2.121 ;
    %pushi/vec4 239, 0, 8;
    %assign/vec4 v0x7fed48f14ff0_0, 0;
    %pushi/vec4 3, 0, 8;
    %assign/vec4 v0x7fed48f14e90_0, 0;
    %jmp T_2.126;
T_2.122 ;
    %pushi/vec4 247, 0, 8;
    %assign/vec4 v0x7fed48f14ff0_0, 0;
    %pushi/vec4 0, 0, 8;
    %assign/vec4 v0x7fed48f14e90_0, 0;
    %jmp T_2.126;
T_2.123 ;
    %pushi/vec4 251, 0, 8;
    %assign/vec4 v0x7fed48f14ff0_0, 0;
    %pushi/vec4 0, 0, 8;
    %assign/vec4 v0x7fed48f14e90_0, 0;
    %jmp T_2.126;
T_2.124 ;
    %pushi/vec4 253, 0, 8;
    %assign/vec4 v0x7fed48f14ff0_0, 0;
    %pushi/vec4 0, 0, 8;
    %assign/vec4 v0x7fed48f14e90_0, 0;
    %jmp T_2.126;
T_2.125 ;
    %pushi/vec4 254, 0, 8;
    %assign/vec4 v0x7fed48f14ff0_0, 0;
    %pushi/vec4 0, 0, 8;
    %assign/vec4 v0x7fed48f14e90_0, 0;
    %jmp T_2.126;
T_2.126 ;
    %pop/vec4 1;
    %load/vec4 v0x7fed48f15170_0;
    %addi 1, 0, 3;
    %assign/vec4 v0x7fed48f15170_0, 0;
    %jmp T_2.18;
T_2.14 ;
    %load/vec4 v0x7fed48f15170_0;
    %dup/vec4;
    %pushi/vec4 0, 0, 3;
    %cmp/u;
    %jmp/1 T_2.127, 6;
    %dup/vec4;
    %pushi/vec4 1, 0, 3;
    %cmp/u;
    %jmp/1 T_2.128, 6;
    %dup/vec4;
    %pushi/vec4 2, 0, 3;
    %cmp/u;
    %jmp/1 T_2.129, 6;
    %dup/vec4;
    %pushi/vec4 3, 0, 3;
    %cmp/u;
    %jmp/1 T_2.130, 6;
    %dup/vec4;
    %pushi/vec4 4, 0, 3;
    %cmp/u;
    %jmp/1 T_2.131, 6;
    %dup/vec4;
    %pushi/vec4 5, 0, 3;
    %cmp/u;
    %jmp/1 T_2.132, 6;
    %dup/vec4;
    %pushi/vec4 6, 0, 3;
    %cmp/u;
    %jmp/1 T_2.133, 6;
    %dup/vec4;
    %pushi/vec4 7, 0, 3;
    %cmp/u;
    %jmp/1 T_2.134, 6;
    %jmp T_2.135;
T_2.127 ;
    %pushi/vec4 127, 0, 8;
    %assign/vec4 v0x7fed48f14ff0_0, 0;
    %pushi/vec4 192, 0, 8;
    %assign/vec4 v0x7fed48f14e90_0, 0;
    %jmp T_2.135;
T_2.128 ;
    %pushi/vec4 191, 0, 8;
    %assign/vec4 v0x7fed48f14ff0_0, 0;
    %pushi/vec4 192, 0, 8;
    %assign/vec4 v0x7fed48f14e90_0, 0;
    %jmp T_2.135;
T_2.129 ;
    %pushi/vec4 223, 0, 8;
    %assign/vec4 v0x7fed48f14ff0_0, 0;
    %pushi/vec4 0, 0, 8;
    %assign/vec4 v0x7fed48f14e90_0, 0;
    %jmp T_2.135;
T_2.130 ;
    %pushi/vec4 239, 0, 8;
    %assign/vec4 v0x7fed48f14ff0_0, 0;
    %pushi/vec4 0, 0, 8;
    %assign/vec4 v0x7fed48f14e90_0, 0;
    %jmp T_2.135;
T_2.131 ;
    %pushi/vec4 247, 0, 8;
    %assign/vec4 v0x7fed48f14ff0_0, 0;
    %pushi/vec4 0, 0, 8;
    %assign/vec4 v0x7fed48f14e90_0, 0;
    %jmp T_2.135;
T_2.132 ;
    %pushi/vec4 251, 0, 8;
    %assign/vec4 v0x7fed48f14ff0_0, 0;
    %pushi/vec4 0, 0, 8;
    %assign/vec4 v0x7fed48f14e90_0, 0;
    %jmp T_2.135;
T_2.133 ;
    %pushi/vec4 253, 0, 8;
    %assign/vec4 v0x7fed48f14ff0_0, 0;
    %pushi/vec4 0, 0, 8;
    %assign/vec4 v0x7fed48f14e90_0, 0;
    %jmp T_2.135;
T_2.134 ;
    %pushi/vec4 254, 0, 8;
    %assign/vec4 v0x7fed48f14ff0_0, 0;
    %pushi/vec4 0, 0, 8;
    %assign/vec4 v0x7fed48f14e90_0, 0;
    %jmp T_2.135;
T_2.135 ;
    %pop/vec4 1;
    %load/vec4 v0x7fed48f15170_0;
    %addi 1, 0, 3;
    %assign/vec4 v0x7fed48f15170_0, 0;
    %jmp T_2.18;
T_2.15 ;
    %load/vec4 v0x7fed48f15170_0;
    %dup/vec4;
    %pushi/vec4 0, 0, 3;
    %cmp/u;
    %jmp/1 T_2.136, 6;
    %dup/vec4;
    %pushi/vec4 1, 0, 3;
    %cmp/u;
    %jmp/1 T_2.137, 6;
    %dup/vec4;
    %pushi/vec4 2, 0, 3;
    %cmp/u;
    %jmp/1 T_2.138, 6;
    %dup/vec4;
    %pushi/vec4 3, 0, 3;
    %cmp/u;
    %jmp/1 T_2.139, 6;
    %dup/vec4;
    %pushi/vec4 4, 0, 3;
    %cmp/u;
    %jmp/1 T_2.140, 6;
    %dup/vec4;
    %pushi/vec4 5, 0, 3;
    %cmp/u;
    %jmp/1 T_2.141, 6;
    %dup/vec4;
    %pushi/vec4 6, 0, 3;
    %cmp/u;
    %jmp/1 T_2.142, 6;
    %dup/vec4;
    %pushi/vec4 7, 0, 3;
    %cmp/u;
    %jmp/1 T_2.143, 6;
    %jmp T_2.144;
T_2.136 ;
    %pushi/vec4 127, 0, 8;
    %assign/vec4 v0x7fed48f14ff0_0, 0;
    %pushi/vec4 48, 0, 8;
    %assign/vec4 v0x7fed48f14e90_0, 0;
    %jmp T_2.144;
T_2.137 ;
    %pushi/vec4 191, 0, 8;
    %assign/vec4 v0x7fed48f14ff0_0, 0;
    %pushi/vec4 48, 0, 8;
    %assign/vec4 v0x7fed48f14e90_0, 0;
    %jmp T_2.144;
T_2.138 ;
    %pushi/vec4 223, 0, 8;
    %assign/vec4 v0x7fed48f14ff0_0, 0;
    %pushi/vec4 0, 0, 8;
    %assign/vec4 v0x7fed48f14e90_0, 0;
    %jmp T_2.144;
T_2.139 ;
    %pushi/vec4 239, 0, 8;
    %assign/vec4 v0x7fed48f14ff0_0, 0;
    %pushi/vec4 0, 0, 8;
    %assign/vec4 v0x7fed48f14e90_0, 0;
    %jmp T_2.144;
T_2.140 ;
    %pushi/vec4 247, 0, 8;
    %assign/vec4 v0x7fed48f14ff0_0, 0;
    %pushi/vec4 0, 0, 8;
    %assign/vec4 v0x7fed48f14e90_0, 0;
    %jmp T_2.144;
T_2.141 ;
    %pushi/vec4 251, 0, 8;
    %assign/vec4 v0x7fed48f14ff0_0, 0;
    %pushi/vec4 0, 0, 8;
    %assign/vec4 v0x7fed48f14e90_0, 0;
    %jmp T_2.144;
T_2.142 ;
    %pushi/vec4 253, 0, 8;
    %assign/vec4 v0x7fed48f14ff0_0, 0;
    %pushi/vec4 0, 0, 8;
    %assign/vec4 v0x7fed48f14e90_0, 0;
    %jmp T_2.144;
T_2.143 ;
    %pushi/vec4 254, 0, 8;
    %assign/vec4 v0x7fed48f14ff0_0, 0;
    %pushi/vec4 0, 0, 8;
    %assign/vec4 v0x7fed48f14e90_0, 0;
    %jmp T_2.144;
T_2.144 ;
    %pop/vec4 1;
    %load/vec4 v0x7fed48f15170_0;
    %addi 1, 0, 3;
    %assign/vec4 v0x7fed48f15170_0, 0;
    %jmp T_2.18;
T_2.16 ;
    %load/vec4 v0x7fed48f15170_0;
    %dup/vec4;
    %pushi/vec4 0, 0, 3;
    %cmp/u;
    %jmp/1 T_2.145, 6;
    %dup/vec4;
    %pushi/vec4 1, 0, 3;
    %cmp/u;
    %jmp/1 T_2.146, 6;
    %dup/vec4;
    %pushi/vec4 2, 0, 3;
    %cmp/u;
    %jmp/1 T_2.147, 6;
    %dup/vec4;
    %pushi/vec4 3, 0, 3;
    %cmp/u;
    %jmp/1 T_2.148, 6;
    %dup/vec4;
    %pushi/vec4 4, 0, 3;
    %cmp/u;
    %jmp/1 T_2.149, 6;
    %dup/vec4;
    %pushi/vec4 5, 0, 3;
    %cmp/u;
    %jmp/1 T_2.150, 6;
    %dup/vec4;
    %pushi/vec4 6, 0, 3;
    %cmp/u;
    %jmp/1 T_2.151, 6;
    %dup/vec4;
    %pushi/vec4 7, 0, 3;
    %cmp/u;
    %jmp/1 T_2.152, 6;
    %jmp T_2.153;
T_2.145 ;
    %pushi/vec4 127, 0, 8;
    %assign/vec4 v0x7fed48f14ff0_0, 0;
    %pushi/vec4 12, 0, 8;
    %assign/vec4 v0x7fed48f14e90_0, 0;
    %jmp T_2.153;
T_2.146 ;
    %pushi/vec4 191, 0, 8;
    %assign/vec4 v0x7fed48f14ff0_0, 0;
    %pushi/vec4 12, 0, 8;
    %assign/vec4 v0x7fed48f14e90_0, 0;
    %jmp T_2.153;
T_2.147 ;
    %pushi/vec4 223, 0, 8;
    %assign/vec4 v0x7fed48f14ff0_0, 0;
    %pushi/vec4 0, 0, 8;
    %assign/vec4 v0x7fed48f14e90_0, 0;
    %jmp T_2.153;
T_2.148 ;
    %pushi/vec4 239, 0, 8;
    %assign/vec4 v0x7fed48f14ff0_0, 0;
    %pushi/vec4 0, 0, 8;
    %assign/vec4 v0x7fed48f14e90_0, 0;
    %jmp T_2.153;
T_2.149 ;
    %pushi/vec4 247, 0, 8;
    %assign/vec4 v0x7fed48f14ff0_0, 0;
    %pushi/vec4 0, 0, 8;
    %assign/vec4 v0x7fed48f14e90_0, 0;
    %jmp T_2.153;
T_2.150 ;
    %pushi/vec4 251, 0, 8;
    %assign/vec4 v0x7fed48f14ff0_0, 0;
    %pushi/vec4 0, 0, 8;
    %assign/vec4 v0x7fed48f14e90_0, 0;
    %jmp T_2.153;
T_2.151 ;
    %pushi/vec4 253, 0, 8;
    %assign/vec4 v0x7fed48f14ff0_0, 0;
    %pushi/vec4 0, 0, 8;
    %assign/vec4 v0x7fed48f14e90_0, 0;
    %jmp T_2.153;
T_2.152 ;
    %pushi/vec4 254, 0, 8;
    %assign/vec4 v0x7fed48f14ff0_0, 0;
    %pushi/vec4 0, 0, 8;
    %assign/vec4 v0x7fed48f14e90_0, 0;
    %jmp T_2.153;
T_2.153 ;
    %pop/vec4 1;
    %load/vec4 v0x7fed48f15170_0;
    %addi 1, 0, 3;
    %assign/vec4 v0x7fed48f15170_0, 0;
    %jmp T_2.18;
T_2.17 ;
    %load/vec4 v0x7fed48f15170_0;
    %dup/vec4;
    %pushi/vec4 0, 0, 3;
    %cmp/u;
    %jmp/1 T_2.154, 6;
    %dup/vec4;
    %pushi/vec4 1, 0, 3;
    %cmp/u;
    %jmp/1 T_2.155, 6;
    %dup/vec4;
    %pushi/vec4 2, 0, 3;
    %cmp/u;
    %jmp/1 T_2.156, 6;
    %dup/vec4;
    %pushi/vec4 3, 0, 3;
    %cmp/u;
    %jmp/1 T_2.157, 6;
    %dup/vec4;
    %pushi/vec4 4, 0, 3;
    %cmp/u;
    %jmp/1 T_2.158, 6;
    %dup/vec4;
    %pushi/vec4 5, 0, 3;
    %cmp/u;
    %jmp/1 T_2.159, 6;
    %dup/vec4;
    %pushi/vec4 6, 0, 3;
    %cmp/u;
    %jmp/1 T_2.160, 6;
    %dup/vec4;
    %pushi/vec4 7, 0, 3;
    %cmp/u;
    %jmp/1 T_2.161, 6;
    %jmp T_2.162;
T_2.154 ;
    %pushi/vec4 127, 0, 8;
    %assign/vec4 v0x7fed48f14ff0_0, 0;
    %pushi/vec4 3, 0, 8;
    %assign/vec4 v0x7fed48f14e90_0, 0;
    %jmp T_2.162;
T_2.155 ;
    %pushi/vec4 191, 0, 8;
    %assign/vec4 v0x7fed48f14ff0_0, 0;
    %pushi/vec4 3, 0, 8;
    %assign/vec4 v0x7fed48f14e90_0, 0;
    %jmp T_2.162;
T_2.156 ;
    %pushi/vec4 223, 0, 8;
    %assign/vec4 v0x7fed48f14ff0_0, 0;
    %pushi/vec4 0, 0, 8;
    %assign/vec4 v0x7fed48f14e90_0, 0;
    %jmp T_2.162;
T_2.157 ;
    %pushi/vec4 239, 0, 8;
    %assign/vec4 v0x7fed48f14ff0_0, 0;
    %pushi/vec4 0, 0, 8;
    %assign/vec4 v0x7fed48f14e90_0, 0;
    %jmp T_2.162;
T_2.158 ;
    %pushi/vec4 247, 0, 8;
    %assign/vec4 v0x7fed48f14ff0_0, 0;
    %pushi/vec4 0, 0, 8;
    %assign/vec4 v0x7fed48f14e90_0, 0;
    %jmp T_2.162;
T_2.159 ;
    %pushi/vec4 251, 0, 8;
    %assign/vec4 v0x7fed48f14ff0_0, 0;
    %pushi/vec4 0, 0, 8;
    %assign/vec4 v0x7fed48f14e90_0, 0;
    %jmp T_2.162;
T_2.160 ;
    %pushi/vec4 253, 0, 8;
    %assign/vec4 v0x7fed48f14ff0_0, 0;
    %pushi/vec4 0, 0, 8;
    %assign/vec4 v0x7fed48f14e90_0, 0;
    %jmp T_2.162;
T_2.161 ;
    %pushi/vec4 254, 0, 8;
    %assign/vec4 v0x7fed48f14ff0_0, 0;
    %pushi/vec4 0, 0, 8;
    %assign/vec4 v0x7fed48f14e90_0, 0;
    %jmp T_2.162;
T_2.162 ;
    %pop/vec4 1;
    %load/vec4 v0x7fed48f15170_0;
    %addi 1, 0, 3;
    %assign/vec4 v0x7fed48f15170_0, 0;
    %jmp T_2.18;
T_2.18 ;
    %pop/vec4 1;
T_2.1 ;
    %jmp T_2;
    .thread T_2;
# The file index is used to find the file name in the following table.
:file_names 3;
    "N/A";
    "<interactive>";
    "lab.v";
