#! /usr/local/Cellar/icarus-verilog/11.0/bin/vvp
:ivl_version "11.0 (stable)";
:ivl_delay_selection "TYPICAL";
:vpi_time_precision + 0;
:vpi_module "/usr/local/Cellar/icarus-verilog/11.0/lib/ivl/system.vpi";
:vpi_module "/usr/local/Cellar/icarus-verilog/11.0/lib/ivl/vhdl_sys.vpi";
:vpi_module "/usr/local/Cellar/icarus-verilog/11.0/lib/ivl/vhdl_textio.vpi";
:vpi_module "/usr/local/Cellar/icarus-verilog/11.0/lib/ivl/v2005_math.vpi";
:vpi_module "/usr/local/Cellar/icarus-verilog/11.0/lib/ivl/va_math.vpi";
S_0x7fcbbbc1cee0 .scope module, "test" "test" 2 221;
 .timescale 0 0;
    .port_info 0 /INPUT 1 "rst";
    .port_info 1 /INPUT 1 "clk";
    .port_info 2 /OUTPUT 8 "row";
    .port_info 3 /OUTPUT 8 "col";
    .port_info 4 /OUTPUT 7 "display";
o0x7fcbbbd32008 .functor BUFZ 1, C4<z>; HiZ drive
v0x7fcbbbc412d0_0 .net "clk", 0 0, o0x7fcbbbd32008;  0 drivers
v0x7fcbbbc413a0_0 .net "clk_div_dot", 0 0, v0x7fcbbbc3fb40_0;  1 drivers
v0x7fcbbbc41480_0 .net "clk_div_sec", 0 0, v0x7fcbbbc40050_0;  1 drivers
v0x7fcbbbc41550_0 .net "col", 7 0, v0x7fcbbbc40b00_0;  1 drivers
v0x7fcbbbc415e0_0 .net "display", 6 0, v0x7fcbbbc41200_0;  1 drivers
v0x7fcbbbc416b0_0 .net "light", 1 0, v0x7fcbbbc40530_0;  1 drivers
v0x7fcbbbc41780_0 .net "out_sec", 3 0, v0x7fcbbbc405d0_0;  1 drivers
v0x7fcbbbc41850_0 .net "row", 7 0, v0x7fcbbbc40c70_0;  1 drivers
o0x7fcbbbd32098 .functor BUFZ 1, C4<z>; HiZ drive
v0x7fcbbbc418e0_0 .net "rst", 0 0, o0x7fcbbbd32098;  0 drivers
S_0x7fcbbbc1d050 .scope module, "u_clk_div_dot" "clk_div_dot" 2 228, 2 4 0, S_0x7fcbbbc1cee0;
 .timescale 0 0;
    .port_info 0 /INPUT 1 "clk";
    .port_info 1 /INPUT 1 "rst";
    .port_info 2 /OUTPUT 1 "div_clk";
v0x7fcbbbc1fcd0_0 .net "clk", 0 0, o0x7fcbbbd32008;  alias, 0 drivers
v0x7fcbbbc3fa90_0 .var "count", 31 0;
v0x7fcbbbc3fb40_0 .var "div_clk", 0 0;
v0x7fcbbbc3fbf0_0 .net "rst", 0 0, o0x7fcbbbd32098;  alias, 0 drivers
E_0x7fcbbbc27ef0/0 .event negedge, v0x7fcbbbc3fbf0_0;
E_0x7fcbbbc27ef0/1 .event posedge, v0x7fcbbbc1fcd0_0;
E_0x7fcbbbc27ef0 .event/or E_0x7fcbbbc27ef0/0, E_0x7fcbbbc27ef0/1;
S_0x7fcbbbc3fce0 .scope module, "u_clk_div_sec" "clk_div_sec" 2 229, 2 33 0, S_0x7fcbbbc1cee0;
 .timescale 0 0;
    .port_info 0 /INPUT 1 "clk";
    .port_info 1 /INPUT 1 "rst";
    .port_info 2 /OUTPUT 1 "div_clk";
v0x7fcbbbc3ff00_0 .net "clk", 0 0, o0x7fcbbbd32008;  alias, 0 drivers
v0x7fcbbbc3ffb0_0 .var "count", 31 0;
v0x7fcbbbc40050_0 .var "div_clk", 0 0;
v0x7fcbbbc40100_0 .net "rst", 0 0, o0x7fcbbbd32098;  alias, 0 drivers
S_0x7fcbbbc401f0 .scope module, "u_count" "count" 2 230, 2 132 0, S_0x7fcbbbc1cee0;
 .timescale 0 0;
    .port_info 0 /INPUT 1 "clk";
    .port_info 1 /INPUT 1 "rst";
    .port_info 2 /OUTPUT 2 "light";
    .port_info 3 /OUTPUT 4 "out_sec";
v0x7fcbbbc40470_0 .net "clk", 0 0, v0x7fcbbbc40050_0;  alias, 1 drivers
v0x7fcbbbc40530_0 .var "light", 1 0;
v0x7fcbbbc405d0_0 .var "out_sec", 3 0;
v0x7fcbbbc40690_0 .net "rst", 0 0, o0x7fcbbbd32098;  alias, 0 drivers
E_0x7fcbbbc40430/0 .event negedge, v0x7fcbbbc3fbf0_0;
E_0x7fcbbbc40430/1 .event posedge, v0x7fcbbbc40050_0;
E_0x7fcbbbc40430 .event/or E_0x7fcbbbc40430/0, E_0x7fcbbbc40430/1;
S_0x7fcbbbc407a0 .scope module, "u_dot_control" "dot_control" 2 231, 2 62 0, S_0x7fcbbbc1cee0;
 .timescale 0 0;
    .port_info 0 /INPUT 1 "clk_div";
    .port_info 1 /INPUT 1 "rst";
    .port_info 2 /INPUT 2 "light";
    .port_info 3 /OUTPUT 8 "row";
    .port_info 4 /OUTPUT 8 "col";
v0x7fcbbbc40a60_0 .net "clk_div", 0 0, v0x7fcbbbc3fb40_0;  alias, 1 drivers
v0x7fcbbbc40b00_0 .var "col", 7 0;
v0x7fcbbbc40ba0_0 .net "light", 1 0, v0x7fcbbbc40530_0;  alias, 1 drivers
v0x7fcbbbc40c70_0 .var "row", 7 0;
v0x7fcbbbc40d10_0 .net "rst", 0 0, o0x7fcbbbd32098;  alias, 0 drivers
v0x7fcbbbc40de0_0 .var "state", 2 0;
E_0x7fcbbbc40a10/0 .event negedge, v0x7fcbbbc3fbf0_0;
E_0x7fcbbbc40a10/1 .event posedge, v0x7fcbbbc3fb40_0;
E_0x7fcbbbc40a10 .event/or E_0x7fcbbbc40a10/0, E_0x7fcbbbc40a10/1;
S_0x7fcbbbc40f10 .scope module, "u_sevendisplay" "sevendisplay" 2 232, 2 179 0, S_0x7fcbbbc1cee0;
 .timescale 0 0;
    .port_info 0 /INPUT 4 "in";
    .port_info 1 /OUTPUT 7 "out";
v0x7fcbbbc41150_0 .net "in", 3 0, v0x7fcbbbc405d0_0;  alias, 1 drivers
v0x7fcbbbc41200_0 .var "out", 6 0;
E_0x7fcbbbc41110 .event edge, v0x7fcbbbc405d0_0;
    .scope S_0x7fcbbbc1d050;
T_0 ;
    %wait E_0x7fcbbbc27ef0;
    %load/vec4 v0x7fcbbbc3fbf0_0;
    %nor/r;
    %flag_set/vec4 8;
    %jmp/0xz  T_0.0, 8;
    %pushi/vec4 0, 0, 32;
    %assign/vec4 v0x7fcbbbc3fa90_0, 0;
    %pushi/vec4 0, 0, 1;
    %assign/vec4 v0x7fcbbbc3fb40_0, 0;
    %jmp T_0.1;
T_0.0 ;
    %load/vec4 v0x7fcbbbc3fa90_0;
    %cmpi/e 2500, 0, 32;
    %jmp/0xz  T_0.2, 4;
    %pushi/vec4 0, 0, 32;
    %assign/vec4 v0x7fcbbbc3fa90_0, 0;
    %load/vec4 v0x7fcbbbc3fb40_0;
    %inv;
    %assign/vec4 v0x7fcbbbc3fb40_0, 0;
    %jmp T_0.3;
T_0.2 ;
    %load/vec4 v0x7fcbbbc3fa90_0;
    %addi 1, 0, 32;
    %assign/vec4 v0x7fcbbbc3fa90_0, 0;
T_0.3 ;
T_0.1 ;
    %jmp T_0;
    .thread T_0;
    .scope S_0x7fcbbbc3fce0;
T_1 ;
    %wait E_0x7fcbbbc27ef0;
    %load/vec4 v0x7fcbbbc40100_0;
    %nor/r;
    %flag_set/vec4 8;
    %jmp/0xz  T_1.0, 8;
    %pushi/vec4 0, 0, 32;
    %assign/vec4 v0x7fcbbbc3ffb0_0, 0;
    %pushi/vec4 0, 0, 1;
    %assign/vec4 v0x7fcbbbc40050_0, 0;
    %jmp T_1.1;
T_1.0 ;
    %load/vec4 v0x7fcbbbc3ffb0_0;
    %cmpi/e 25000000, 0, 32;
    %jmp/0xz  T_1.2, 4;
    %pushi/vec4 0, 0, 32;
    %assign/vec4 v0x7fcbbbc3ffb0_0, 0;
    %load/vec4 v0x7fcbbbc40050_0;
    %inv;
    %assign/vec4 v0x7fcbbbc40050_0, 0;
    %jmp T_1.3;
T_1.2 ;
    %load/vec4 v0x7fcbbbc3ffb0_0;
    %addi 1, 0, 32;
    %assign/vec4 v0x7fcbbbc3ffb0_0, 0;
T_1.3 ;
T_1.1 ;
    %jmp T_1;
    .thread T_1;
    .scope S_0x7fcbbbc401f0;
T_2 ;
    %wait E_0x7fcbbbc40430;
    %load/vec4 v0x7fcbbbc40690_0;
    %nor/r;
    %flag_set/vec4 8;
    %jmp/0xz  T_2.0, 8;
    %pushi/vec4 0, 0, 2;
    %assign/vec4 v0x7fcbbbc40530_0, 0;
    %pushi/vec4 15, 0, 4;
    %assign/vec4 v0x7fcbbbc405d0_0, 0;
    %jmp T_2.1;
T_2.0 ;
    %load/vec4 v0x7fcbbbc40530_0;
    %dup/vec4;
    %pushi/vec4 0, 0, 2;
    %cmp/u;
    %jmp/1 T_2.2, 6;
    %dup/vec4;
    %pushi/vec4 0, 0, 2;
    %cmp/u;
    %jmp/1 T_2.3, 6;
    %dup/vec4;
    %pushi/vec4 0, 0, 2;
    %cmp/u;
    %jmp/1 T_2.4, 6;
    %jmp T_2.5;
T_2.2 ;
    %load/vec4 v0x7fcbbbc405d0_0;
    %pad/u 32;
    %cmpi/e 0, 0, 32;
    %jmp/0xz  T_2.6, 4;
    %pushi/vec4 1, 0, 2;
    %assign/vec4 v0x7fcbbbc40530_0, 0;
    %pushi/vec4 5, 0, 4;
    %assign/vec4 v0x7fcbbbc405d0_0, 0;
    %jmp T_2.7;
T_2.6 ;
    %load/vec4 v0x7fcbbbc405d0_0;
    %addi 1, 0, 4;
    %assign/vec4 v0x7fcbbbc405d0_0, 0;
T_2.7 ;
    %jmp T_2.5;
T_2.3 ;
    %load/vec4 v0x7fcbbbc405d0_0;
    %pad/u 32;
    %cmpi/e 0, 0, 32;
    %jmp/0xz  T_2.8, 4;
    %pushi/vec4 2, 0, 2;
    %assign/vec4 v0x7fcbbbc40530_0, 0;
    %pushi/vec4 10, 0, 4;
    %assign/vec4 v0x7fcbbbc405d0_0, 0;
    %jmp T_2.9;
T_2.8 ;
    %load/vec4 v0x7fcbbbc405d0_0;
    %addi 1, 0, 4;
    %assign/vec4 v0x7fcbbbc405d0_0, 0;
T_2.9 ;
    %jmp T_2.5;
T_2.4 ;
    %load/vec4 v0x7fcbbbc405d0_0;
    %pad/u 32;
    %cmpi/e 0, 0, 32;
    %jmp/0xz  T_2.10, 4;
    %pushi/vec4 0, 0, 2;
    %assign/vec4 v0x7fcbbbc40530_0, 0;
    %pushi/vec4 15, 0, 4;
    %assign/vec4 v0x7fcbbbc405d0_0, 0;
    %jmp T_2.11;
T_2.10 ;
    %load/vec4 v0x7fcbbbc405d0_0;
    %addi 1, 0, 4;
    %assign/vec4 v0x7fcbbbc405d0_0, 0;
T_2.11 ;
    %jmp T_2.5;
T_2.5 ;
    %pop/vec4 1;
T_2.1 ;
    %jmp T_2;
    .thread T_2;
    .scope S_0x7fcbbbc407a0;
T_3 ;
    %wait E_0x7fcbbbc40a10;
    %load/vec4 v0x7fcbbbc40d10_0;
    %nor/r;
    %flag_set/vec4 8;
    %jmp/0xz  T_3.0, 8;
    %load/vec4 v0x7fcbbbc40de0_0;
    %dup/vec4;
    %pushi/vec4 0, 0, 3;
    %cmp/u;
    %jmp/1 T_3.2, 6;
    %dup/vec4;
    %pushi/vec4 1, 0, 3;
    %cmp/u;
    %jmp/1 T_3.3, 6;
    %dup/vec4;
    %pushi/vec4 2, 0, 3;
    %cmp/u;
    %jmp/1 T_3.4, 6;
    %dup/vec4;
    %pushi/vec4 3, 0, 3;
    %cmp/u;
    %jmp/1 T_3.5, 6;
    %dup/vec4;
    %pushi/vec4 4, 0, 3;
    %cmp/u;
    %jmp/1 T_3.6, 6;
    %dup/vec4;
    %pushi/vec4 5, 0, 3;
    %cmp/u;
    %jmp/1 T_3.7, 6;
    %dup/vec4;
    %pushi/vec4 6, 0, 3;
    %cmp/u;
    %jmp/1 T_3.8, 6;
    %dup/vec4;
    %pushi/vec4 7, 0, 3;
    %cmp/u;
    %jmp/1 T_3.9, 6;
    %jmp T_3.10;
T_3.2 ;
    %pushi/vec4 127, 0, 8;
    %assign/vec4 v0x7fcbbbc40c70_0, 0;
    %pushi/vec4 12, 0, 8;
    %assign/vec4 v0x7fcbbbc40b00_0, 0;
    %jmp T_3.10;
T_3.3 ;
    %pushi/vec4 191, 0, 8;
    %assign/vec4 v0x7fcbbbc40c70_0, 0;
    %pushi/vec4 12, 0, 8;
    %assign/vec4 v0x7fcbbbc40b00_0, 0;
    %jmp T_3.10;
T_3.4 ;
    %pushi/vec4 223, 0, 8;
    %assign/vec4 v0x7fcbbbc40c70_0, 0;
    %pushi/vec4 25, 0, 8;
    %assign/vec4 v0x7fcbbbc40b00_0, 0;
    %jmp T_3.10;
T_3.5 ;
    %pushi/vec4 239, 0, 8;
    %assign/vec4 v0x7fcbbbc40c70_0, 0;
    %pushi/vec4 126, 0, 8;
    %assign/vec4 v0x7fcbbbc40b00_0, 0;
    %jmp T_3.10;
T_3.6 ;
    %pushi/vec4 247, 0, 8;
    %assign/vec4 v0x7fcbbbc40c70_0, 0;
    %pushi/vec4 152, 0, 8;
    %assign/vec4 v0x7fcbbbc40b00_0, 0;
    %jmp T_3.10;
T_3.7 ;
    %pushi/vec4 251, 0, 8;
    %assign/vec4 v0x7fcbbbc40c70_0, 0;
    %pushi/vec4 24, 0, 8;
    %assign/vec4 v0x7fcbbbc40b00_0, 0;
    %jmp T_3.10;
T_3.8 ;
    %pushi/vec4 253, 0, 8;
    %assign/vec4 v0x7fcbbbc40c70_0, 0;
    %pushi/vec4 40, 0, 8;
    %assign/vec4 v0x7fcbbbc40b00_0, 0;
    %jmp T_3.10;
T_3.9 ;
    %pushi/vec4 254, 0, 8;
    %assign/vec4 v0x7fcbbbc40c70_0, 0;
    %pushi/vec4 72, 0, 8;
    %assign/vec4 v0x7fcbbbc40b00_0, 0;
    %jmp T_3.10;
T_3.10 ;
    %pop/vec4 1;
    %load/vec4 v0x7fcbbbc40de0_0;
    %addi 1, 0, 3;
    %assign/vec4 v0x7fcbbbc40de0_0, 0;
    %jmp T_3.1;
T_3.0 ;
    %load/vec4 v0x7fcbbbc40ba0_0;
    %dup/vec4;
    %pushi/vec4 0, 0, 2;
    %cmp/u;
    %jmp/1 T_3.11, 6;
    %dup/vec4;
    %pushi/vec4 1, 0, 2;
    %cmp/u;
    %jmp/1 T_3.12, 6;
    %dup/vec4;
    %pushi/vec4 2, 0, 2;
    %cmp/u;
    %jmp/1 T_3.13, 6;
    %jmp T_3.14;
T_3.11 ;
    %load/vec4 v0x7fcbbbc40de0_0;
    %dup/vec4;
    %pushi/vec4 0, 0, 3;
    %cmp/u;
    %jmp/1 T_3.15, 6;
    %dup/vec4;
    %pushi/vec4 1, 0, 3;
    %cmp/u;
    %jmp/1 T_3.16, 6;
    %dup/vec4;
    %pushi/vec4 2, 0, 3;
    %cmp/u;
    %jmp/1 T_3.17, 6;
    %dup/vec4;
    %pushi/vec4 3, 0, 3;
    %cmp/u;
    %jmp/1 T_3.18, 6;
    %dup/vec4;
    %pushi/vec4 4, 0, 3;
    %cmp/u;
    %jmp/1 T_3.19, 6;
    %dup/vec4;
    %pushi/vec4 5, 0, 3;
    %cmp/u;
    %jmp/1 T_3.20, 6;
    %dup/vec4;
    %pushi/vec4 6, 0, 3;
    %cmp/u;
    %jmp/1 T_3.21, 6;
    %dup/vec4;
    %pushi/vec4 7, 0, 3;
    %cmp/u;
    %jmp/1 T_3.22, 6;
    %jmp T_3.23;
T_3.15 ;
    %pushi/vec4 127, 0, 8;
    %assign/vec4 v0x7fcbbbc40c70_0, 0;
    %pushi/vec4 12, 0, 8;
    %assign/vec4 v0x7fcbbbc40b00_0, 0;
    %jmp T_3.23;
T_3.16 ;
    %pushi/vec4 191, 0, 8;
    %assign/vec4 v0x7fcbbbc40c70_0, 0;
    %pushi/vec4 12, 0, 8;
    %assign/vec4 v0x7fcbbbc40b00_0, 0;
    %jmp T_3.23;
T_3.17 ;
    %pushi/vec4 223, 0, 8;
    %assign/vec4 v0x7fcbbbc40c70_0, 0;
    %pushi/vec4 25, 0, 8;
    %assign/vec4 v0x7fcbbbc40b00_0, 0;
    %jmp T_3.23;
T_3.18 ;
    %pushi/vec4 239, 0, 8;
    %assign/vec4 v0x7fcbbbc40c70_0, 0;
    %pushi/vec4 126, 0, 8;
    %assign/vec4 v0x7fcbbbc40b00_0, 0;
    %jmp T_3.23;
T_3.19 ;
    %pushi/vec4 247, 0, 8;
    %assign/vec4 v0x7fcbbbc40c70_0, 0;
    %pushi/vec4 152, 0, 8;
    %assign/vec4 v0x7fcbbbc40b00_0, 0;
    %jmp T_3.23;
T_3.20 ;
    %pushi/vec4 251, 0, 8;
    %assign/vec4 v0x7fcbbbc40c70_0, 0;
    %pushi/vec4 24, 0, 8;
    %assign/vec4 v0x7fcbbbc40b00_0, 0;
    %jmp T_3.23;
T_3.21 ;
    %pushi/vec4 253, 0, 8;
    %assign/vec4 v0x7fcbbbc40c70_0, 0;
    %pushi/vec4 40, 0, 8;
    %assign/vec4 v0x7fcbbbc40b00_0, 0;
    %jmp T_3.23;
T_3.22 ;
    %pushi/vec4 254, 0, 8;
    %assign/vec4 v0x7fcbbbc40c70_0, 0;
    %pushi/vec4 72, 0, 8;
    %assign/vec4 v0x7fcbbbc40b00_0, 0;
    %jmp T_3.23;
T_3.23 ;
    %pop/vec4 1;
    %load/vec4 v0x7fcbbbc40de0_0;
    %addi 1, 0, 3;
    %assign/vec4 v0x7fcbbbc40de0_0, 0;
    %jmp T_3.14;
T_3.12 ;
    %load/vec4 v0x7fcbbbc40de0_0;
    %dup/vec4;
    %pushi/vec4 0, 0, 3;
    %cmp/u;
    %jmp/1 T_3.24, 6;
    %dup/vec4;
    %pushi/vec4 1, 0, 3;
    %cmp/u;
    %jmp/1 T_3.25, 6;
    %dup/vec4;
    %pushi/vec4 2, 0, 3;
    %cmp/u;
    %jmp/1 T_3.26, 6;
    %dup/vec4;
    %pushi/vec4 3, 0, 3;
    %cmp/u;
    %jmp/1 T_3.27, 6;
    %dup/vec4;
    %pushi/vec4 4, 0, 3;
    %cmp/u;
    %jmp/1 T_3.28, 6;
    %dup/vec4;
    %pushi/vec4 5, 0, 3;
    %cmp/u;
    %jmp/1 T_3.29, 6;
    %dup/vec4;
    %pushi/vec4 6, 0, 3;
    %cmp/u;
    %jmp/1 T_3.30, 6;
    %dup/vec4;
    %pushi/vec4 7, 0, 3;
    %cmp/u;
    %jmp/1 T_3.31, 6;
    %jmp T_3.32;
T_3.24 ;
    %pushi/vec4 127, 0, 8;
    %assign/vec4 v0x7fcbbbc40c70_0, 0;
    %pushi/vec4 0, 0, 8;
    %assign/vec4 v0x7fcbbbc40b00_0, 0;
    %jmp T_3.32;
T_3.25 ;
    %pushi/vec4 191, 0, 8;
    %assign/vec4 v0x7fcbbbc40c70_0, 0;
    %pushi/vec4 36, 0, 8;
    %assign/vec4 v0x7fcbbbc40b00_0, 0;
    %jmp T_3.32;
T_3.26 ;
    %pushi/vec4 223, 0, 8;
    %assign/vec4 v0x7fcbbbc40c70_0, 0;
    %pushi/vec4 60, 0, 8;
    %assign/vec4 v0x7fcbbbc40b00_0, 0;
    %jmp T_3.32;
T_3.27 ;
    %pushi/vec4 239, 0, 8;
    %assign/vec4 v0x7fcbbbc40c70_0, 0;
    %pushi/vec4 189, 0, 8;
    %assign/vec4 v0x7fcbbbc40b00_0, 0;
    %jmp T_3.32;
T_3.28 ;
    %pushi/vec4 247, 0, 8;
    %assign/vec4 v0x7fcbbbc40c70_0, 0;
    %pushi/vec4 255, 0, 8;
    %assign/vec4 v0x7fcbbbc40b00_0, 0;
    %jmp T_3.32;
T_3.29 ;
    %pushi/vec4 251, 0, 8;
    %assign/vec4 v0x7fcbbbc40c70_0, 0;
    %pushi/vec4 60, 0, 8;
    %assign/vec4 v0x7fcbbbc40b00_0, 0;
    %jmp T_3.32;
T_3.30 ;
    %pushi/vec4 253, 0, 8;
    %assign/vec4 v0x7fcbbbc40c70_0, 0;
    %pushi/vec4 60, 0, 8;
    %assign/vec4 v0x7fcbbbc40b00_0, 0;
    %jmp T_3.32;
T_3.31 ;
    %pushi/vec4 254, 0, 8;
    %assign/vec4 v0x7fcbbbc40c70_0, 0;
    %pushi/vec4 0, 0, 8;
    %assign/vec4 v0x7fcbbbc40b00_0, 0;
    %jmp T_3.32;
T_3.32 ;
    %pop/vec4 1;
    %load/vec4 v0x7fcbbbc40de0_0;
    %addi 1, 0, 3;
    %assign/vec4 v0x7fcbbbc40de0_0, 0;
    %jmp T_3.14;
T_3.13 ;
    %load/vec4 v0x7fcbbbc40de0_0;
    %dup/vec4;
    %pushi/vec4 0, 0, 3;
    %cmp/u;
    %jmp/1 T_3.33, 6;
    %dup/vec4;
    %pushi/vec4 1, 0, 3;
    %cmp/u;
    %jmp/1 T_3.34, 6;
    %dup/vec4;
    %pushi/vec4 2, 0, 3;
    %cmp/u;
    %jmp/1 T_3.35, 6;
    %dup/vec4;
    %pushi/vec4 3, 0, 3;
    %cmp/u;
    %jmp/1 T_3.36, 6;
    %dup/vec4;
    %pushi/vec4 4, 0, 3;
    %cmp/u;
    %jmp/1 T_3.37, 6;
    %dup/vec4;
    %pushi/vec4 5, 0, 3;
    %cmp/u;
    %jmp/1 T_3.38, 6;
    %dup/vec4;
    %pushi/vec4 6, 0, 3;
    %cmp/u;
    %jmp/1 T_3.39, 6;
    %dup/vec4;
    %pushi/vec4 7, 0, 3;
    %cmp/u;
    %jmp/1 T_3.40, 6;
    %jmp T_3.41;
T_3.33 ;
    %pushi/vec4 127, 0, 8;
    %assign/vec4 v0x7fcbbbc40c70_0, 0;
    %pushi/vec4 24, 0, 8;
    %assign/vec4 v0x7fcbbbc40b00_0, 0;
    %jmp T_3.41;
T_3.34 ;
    %pushi/vec4 191, 0, 8;
    %assign/vec4 v0x7fcbbbc40c70_0, 0;
    %pushi/vec4 24, 0, 8;
    %assign/vec4 v0x7fcbbbc40b00_0, 0;
    %jmp T_3.41;
T_3.35 ;
    %pushi/vec4 223, 0, 8;
    %assign/vec4 v0x7fcbbbc40c70_0, 0;
    %pushi/vec4 60, 0, 8;
    %assign/vec4 v0x7fcbbbc40b00_0, 0;
    %jmp T_3.41;
T_3.36 ;
    %pushi/vec4 239, 0, 8;
    %assign/vec4 v0x7fcbbbc40c70_0, 0;
    %pushi/vec4 60, 0, 8;
    %assign/vec4 v0x7fcbbbc40b00_0, 0;
    %jmp T_3.41;
T_3.37 ;
    %pushi/vec4 247, 0, 8;
    %assign/vec4 v0x7fcbbbc40c70_0, 0;
    %pushi/vec4 90, 0, 8;
    %assign/vec4 v0x7fcbbbc40b00_0, 0;
    %jmp T_3.41;
T_3.38 ;
    %pushi/vec4 251, 0, 8;
    %assign/vec4 v0x7fcbbbc40c70_0, 0;
    %pushi/vec4 24, 0, 8;
    %assign/vec4 v0x7fcbbbc40b00_0, 0;
    %jmp T_3.41;
T_3.39 ;
    %pushi/vec4 253, 0, 8;
    %assign/vec4 v0x7fcbbbc40c70_0, 0;
    %pushi/vec4 24, 0, 8;
    %assign/vec4 v0x7fcbbbc40b00_0, 0;
    %jmp T_3.41;
T_3.40 ;
    %pushi/vec4 254, 0, 8;
    %assign/vec4 v0x7fcbbbc40c70_0, 0;
    %pushi/vec4 36, 0, 8;
    %assign/vec4 v0x7fcbbbc40b00_0, 0;
    %jmp T_3.41;
T_3.41 ;
    %pop/vec4 1;
    %load/vec4 v0x7fcbbbc40de0_0;
    %addi 1, 0, 3;
    %assign/vec4 v0x7fcbbbc40de0_0, 0;
    %jmp T_3.14;
T_3.14 ;
    %pop/vec4 1;
T_3.1 ;
    %jmp T_3;
    .thread T_3;
    .scope S_0x7fcbbbc40f10;
T_4 ;
    %wait E_0x7fcbbbc41110;
    %load/vec4 v0x7fcbbbc41150_0;
    %dup/vec4;
    %pushi/vec4 0, 0, 4;
    %cmp/u;
    %jmp/1 T_4.0, 6;
    %dup/vec4;
    %pushi/vec4 1, 0, 4;
    %cmp/u;
    %jmp/1 T_4.1, 6;
    %dup/vec4;
    %pushi/vec4 2, 0, 4;
    %cmp/u;
    %jmp/1 T_4.2, 6;
    %dup/vec4;
    %pushi/vec4 3, 0, 4;
    %cmp/u;
    %jmp/1 T_4.3, 6;
    %dup/vec4;
    %pushi/vec4 4, 0, 4;
    %cmp/u;
    %jmp/1 T_4.4, 6;
    %dup/vec4;
    %pushi/vec4 5, 0, 4;
    %cmp/u;
    %jmp/1 T_4.5, 6;
    %dup/vec4;
    %pushi/vec4 6, 0, 4;
    %cmp/u;
    %jmp/1 T_4.6, 6;
    %dup/vec4;
    %pushi/vec4 7, 0, 4;
    %cmp/u;
    %jmp/1 T_4.7, 6;
    %dup/vec4;
    %pushi/vec4 8, 0, 4;
    %cmp/u;
    %jmp/1 T_4.8, 6;
    %dup/vec4;
    %pushi/vec4 9, 0, 4;
    %cmp/u;
    %jmp/1 T_4.9, 6;
    %dup/vec4;
    %pushi/vec4 10, 0, 4;
    %cmp/u;
    %jmp/1 T_4.10, 6;
    %dup/vec4;
    %pushi/vec4 11, 0, 4;
    %cmp/u;
    %jmp/1 T_4.11, 6;
    %dup/vec4;
    %pushi/vec4 12, 0, 4;
    %cmp/u;
    %jmp/1 T_4.12, 6;
    %dup/vec4;
    %pushi/vec4 13, 0, 4;
    %cmp/u;
    %jmp/1 T_4.13, 6;
    %dup/vec4;
    %pushi/vec4 14, 0, 4;
    %cmp/u;
    %jmp/1 T_4.14, 6;
    %dup/vec4;
    %pushi/vec4 15, 0, 4;
    %cmp/u;
    %jmp/1 T_4.15, 6;
    %jmp T_4.16;
T_4.0 ;
    %pushi/vec4 64, 0, 7;
    %store/vec4 v0x7fcbbbc41200_0, 0, 7;
    %jmp T_4.16;
T_4.1 ;
    %pushi/vec4 121, 0, 7;
    %store/vec4 v0x7fcbbbc41200_0, 0, 7;
    %jmp T_4.16;
T_4.2 ;
    %pushi/vec4 36, 0, 7;
    %store/vec4 v0x7fcbbbc41200_0, 0, 7;
    %jmp T_4.16;
T_4.3 ;
    %pushi/vec4 48, 0, 7;
    %store/vec4 v0x7fcbbbc41200_0, 0, 7;
    %jmp T_4.16;
T_4.4 ;
    %pushi/vec4 25, 0, 7;
    %store/vec4 v0x7fcbbbc41200_0, 0, 7;
    %jmp T_4.16;
T_4.5 ;
    %pushi/vec4 18, 0, 7;
    %store/vec4 v0x7fcbbbc41200_0, 0, 7;
    %jmp T_4.16;
T_4.6 ;
    %pushi/vec4 2, 0, 7;
    %store/vec4 v0x7fcbbbc41200_0, 0, 7;
    %jmp T_4.16;
T_4.7 ;
    %pushi/vec4 120, 0, 7;
    %store/vec4 v0x7fcbbbc41200_0, 0, 7;
    %jmp T_4.16;
T_4.8 ;
    %pushi/vec4 0, 0, 7;
    %store/vec4 v0x7fcbbbc41200_0, 0, 7;
    %jmp T_4.16;
T_4.9 ;
    %pushi/vec4 16, 0, 7;
    %store/vec4 v0x7fcbbbc41200_0, 0, 7;
    %jmp T_4.16;
T_4.10 ;
    %pushi/vec4 8, 0, 7;
    %store/vec4 v0x7fcbbbc41200_0, 0, 7;
    %jmp T_4.16;
T_4.11 ;
    %pushi/vec4 3, 0, 7;
    %store/vec4 v0x7fcbbbc41200_0, 0, 7;
    %jmp T_4.16;
T_4.12 ;
    %pushi/vec4 70, 0, 7;
    %store/vec4 v0x7fcbbbc41200_0, 0, 7;
    %jmp T_4.16;
T_4.13 ;
    %pushi/vec4 33, 0, 7;
    %store/vec4 v0x7fcbbbc41200_0, 0, 7;
    %jmp T_4.16;
T_4.14 ;
    %pushi/vec4 6, 0, 7;
    %store/vec4 v0x7fcbbbc41200_0, 0, 7;
    %jmp T_4.16;
T_4.15 ;
    %pushi/vec4 56, 0, 7;
    %store/vec4 v0x7fcbbbc41200_0, 0, 7;
    %jmp T_4.16;
T_4.16 ;
    %pop/vec4 1;
    %jmp T_4;
    .thread T_4, $push;
# The file index is used to find the file name in the following table.
:file_names 3;
    "N/A";
    "<interactive>";
    "lab.v";
