#! /usr/local/Cellar/icarus-verilog/11.0/bin/vvp
:ivl_version "11.0 (stable)";
:ivl_delay_selection "TYPICAL";
:vpi_time_precision + 0;
:vpi_module "/usr/local/Cellar/icarus-verilog/11.0/lib/ivl/system.vpi";
:vpi_module "/usr/local/Cellar/icarus-verilog/11.0/lib/ivl/vhdl_sys.vpi";
:vpi_module "/usr/local/Cellar/icarus-verilog/11.0/lib/ivl/vhdl_textio.vpi";
:vpi_module "/usr/local/Cellar/icarus-verilog/11.0/lib/ivl/v2005_math.vpi";
:vpi_module "/usr/local/Cellar/icarus-verilog/11.0/lib/ivl/va_math.vpi";
S_0x7fb12783a200 .scope module, "test" "test" 2 324;
 .timescale 0 0;
    .port_info 0 /INPUT 1 "clk";
    .port_info 1 /INPUT 1 "rst";
    .port_info 2 /INPUT 1 "l_sig";
    .port_info 3 /INPUT 1 "r_sig";
    .port_info 4 /OUTPUT 8 "row";
    .port_info 5 /OUTPUT 16 "col";
o0x7fb126e32008 .functor BUFZ 1, C4<z>; HiZ drive
v0x7fb12786cad0_0 .net "clk", 0 0, o0x7fb126e32008;  0 drivers
v0x7fb12786cba0_0 .net "col", 15 0, v0x7fb12786c0d0_0;  1 drivers
v0x7fb12786cc30_0 .net "div_dot", 0 0, v0x7fb12786b6e0_0;  1 drivers
v0x7fb12786cd00_0 .net "div_key", 0 0, v0x7fb12786bbf0_0;  1 drivers
o0x7fb126e323c8 .functor BUFZ 1, C4<z>; HiZ drive
v0x7fb12786cdd0_0 .net "l_sig", 0 0, o0x7fb126e323c8;  0 drivers
v0x7fb12786cea0_0 .net "pos", 3 0, v0x7fb12786c800_0;  1 drivers
o0x7fb126e323f8 .functor BUFZ 1, C4<z>; HiZ drive
v0x7fb12786cf70_0 .net "r_sig", 0 0, o0x7fb126e323f8;  0 drivers
v0x7fb12786d000_0 .net "row", 7 0, v0x7fb12786c230_0;  1 drivers
o0x7fb126e32098 .functor BUFZ 1, C4<z>; HiZ drive
v0x7fb12786d090_0 .net "rst", 0 0, o0x7fb126e32098;  0 drivers
S_0x7fb12783a370 .scope module, "u_clk_div_dot" "clk_div_dot" 2 330, 2 4 0, S_0x7fb12783a200;
 .timescale 0 0;
    .port_info 0 /INPUT 1 "clk";
    .port_info 1 /INPUT 1 "rst";
    .port_info 2 /OUTPUT 1 "div_clk";
v0x7fb12783c7f0_0 .net "clk", 0 0, o0x7fb126e32008;  alias, 0 drivers
v0x7fb12786b630_0 .var "count", 31 0;
v0x7fb12786b6e0_0 .var "div_clk", 0 0;
v0x7fb12786b790_0 .net "rst", 0 0, o0x7fb126e32098;  alias, 0 drivers
E_0x7fb127843fb0/0 .event negedge, v0x7fb12786b790_0;
E_0x7fb127843fb0/1 .event posedge, v0x7fb12783c7f0_0;
E_0x7fb127843fb0 .event/or E_0x7fb127843fb0/0, E_0x7fb127843fb0/1;
S_0x7fb12786b880 .scope module, "u_clk_div_key" "clk_div_key" 2 331, 2 33 0, S_0x7fb12783a200;
 .timescale 0 0;
    .port_info 0 /INPUT 1 "clk";
    .port_info 1 /INPUT 1 "rst";
    .port_info 2 /OUTPUT 1 "div_clk";
v0x7fb12786baa0_0 .net "clk", 0 0, o0x7fb126e32008;  alias, 0 drivers
v0x7fb12786bb50_0 .var "count", 31 0;
v0x7fb12786bbf0_0 .var "div_clk", 0 0;
v0x7fb12786bca0_0 .net "rst", 0 0, o0x7fb126e32098;  alias, 0 drivers
S_0x7fb12786bd90 .scope module, "u_dot_control" "dot_control" 2 332, 2 62 0, S_0x7fb12783a200;
 .timescale 0 0;
    .port_info 0 /INPUT 1 "clk";
    .port_info 1 /INPUT 4 "pos";
    .port_info 2 /OUTPUT 8 "row";
    .port_info 3 /OUTPUT 16 "col";
v0x7fb12786c010_0 .net "clk", 0 0, v0x7fb12786b6e0_0;  alias, 1 drivers
v0x7fb12786c0d0_0 .var "col", 15 0;
v0x7fb12786c170_0 .net "pos", 3 0, v0x7fb12786c800_0;  alias, 1 drivers
v0x7fb12786c230_0 .var "row", 7 0;
v0x7fb12786c2e0_0 .var "state", 2 0;
E_0x7fb12786bfd0 .event posedge, v0x7fb12786b6e0_0;
S_0x7fb12786c410 .scope module, "u_key_control" "key_control" 2 333, 2 300 0, S_0x7fb12783a200;
 .timescale 0 0;
    .port_info 0 /INPUT 1 "clk";
    .port_info 1 /INPUT 1 "rst";
    .port_info 2 /INPUT 1 "r_sig";
    .port_info 3 /INPUT 1 "l_sig";
    .port_info 4 /OUTPUT 4 "pos";
v0x7fb12786c6d0_0 .net "clk", 0 0, v0x7fb12786bbf0_0;  alias, 1 drivers
v0x7fb12786c770_0 .net "l_sig", 0 0, o0x7fb126e323c8;  alias, 0 drivers
v0x7fb12786c800_0 .var "pos", 3 0;
v0x7fb12786c8d0_0 .net "r_sig", 0 0, o0x7fb126e323f8;  alias, 0 drivers
v0x7fb12786c960_0 .net "rst", 0 0, o0x7fb126e32098;  alias, 0 drivers
E_0x7fb12786c680/0 .event negedge, v0x7fb12786b790_0;
E_0x7fb12786c680/1 .event posedge, v0x7fb12786bbf0_0;
E_0x7fb12786c680 .event/or E_0x7fb12786c680/0, E_0x7fb12786c680/1;
    .scope S_0x7fb12783a370;
T_0 ;
    %wait E_0x7fb127843fb0;
    %load/vec4 v0x7fb12786b790_0;
    %nor/r;
    %flag_set/vec4 8;
    %jmp/0xz  T_0.0, 8;
    %pushi/vec4 0, 0, 32;
    %assign/vec4 v0x7fb12786b630_0, 0;
    %pushi/vec4 0, 0, 1;
    %assign/vec4 v0x7fb12786b6e0_0, 0;
    %jmp T_0.1;
T_0.0 ;
    %load/vec4 v0x7fb12786b630_0;
    %cmpi/e 2500, 0, 32;
    %jmp/0xz  T_0.2, 4;
    %pushi/vec4 0, 0, 32;
    %assign/vec4 v0x7fb12786b630_0, 0;
    %load/vec4 v0x7fb12786b6e0_0;
    %inv;
    %assign/vec4 v0x7fb12786b6e0_0, 0;
    %jmp T_0.3;
T_0.2 ;
    %load/vec4 v0x7fb12786b630_0;
    %addi 1, 0, 32;
    %assign/vec4 v0x7fb12786b630_0, 0;
T_0.3 ;
T_0.1 ;
    %jmp T_0;
    .thread T_0;
    .scope S_0x7fb12786b880;
T_1 ;
    %wait E_0x7fb127843fb0;
    %load/vec4 v0x7fb12786bca0_0;
    %nor/r;
    %flag_set/vec4 8;
    %jmp/0xz  T_1.0, 8;
    %pushi/vec4 0, 0, 32;
    %assign/vec4 v0x7fb12786bb50_0, 0;
    %pushi/vec4 0, 0, 1;
    %assign/vec4 v0x7fb12786bbf0_0, 0;
    %jmp T_1.1;
T_1.0 ;
    %load/vec4 v0x7fb12786bb50_0;
    %cmpi/e 6250000, 0, 32;
    %jmp/0xz  T_1.2, 4;
    %pushi/vec4 0, 0, 32;
    %assign/vec4 v0x7fb12786bb50_0, 0;
    %load/vec4 v0x7fb12786bbf0_0;
    %inv;
    %assign/vec4 v0x7fb12786bbf0_0, 0;
    %jmp T_1.3;
T_1.2 ;
    %load/vec4 v0x7fb12786bb50_0;
    %addi 1, 0, 32;
    %assign/vec4 v0x7fb12786bb50_0, 0;
T_1.3 ;
T_1.1 ;
    %jmp T_1;
    .thread T_1;
    .scope S_0x7fb12786bd90;
T_2 ;
    %wait E_0x7fb12786bfd0;
    %load/vec4 v0x7fb12786c170_0;
    %dup/vec4;
    %pushi/vec4 0, 0, 4;
    %cmp/u;
    %jmp/1 T_2.0, 6;
    %dup/vec4;
    %pushi/vec4 1, 0, 4;
    %cmp/u;
    %jmp/1 T_2.1, 6;
    %dup/vec4;
    %pushi/vec4 2, 0, 4;
    %cmp/u;
    %jmp/1 T_2.2, 6;
    %dup/vec4;
    %pushi/vec4 3, 0, 4;
    %cmp/u;
    %jmp/1 T_2.3, 6;
    %dup/vec4;
    %pushi/vec4 4, 0, 4;
    %cmp/u;
    %jmp/1 T_2.4, 6;
    %dup/vec4;
    %pushi/vec4 5, 0, 4;
    %cmp/u;
    %jmp/1 T_2.5, 6;
    %dup/vec4;
    %pushi/vec4 6, 0, 4;
    %cmp/u;
    %jmp/1 T_2.6, 6;
    %dup/vec4;
    %pushi/vec4 7, 0, 4;
    %cmp/u;
    %jmp/1 T_2.7, 6;
    %dup/vec4;
    %pushi/vec4 8, 0, 4;
    %cmp/u;
    %jmp/1 T_2.8, 6;
    %dup/vec4;
    %pushi/vec4 9, 0, 4;
    %cmp/u;
    %jmp/1 T_2.9, 6;
    %dup/vec4;
    %pushi/vec4 10, 0, 4;
    %cmp/u;
    %jmp/1 T_2.10, 6;
    %dup/vec4;
    %pushi/vec4 11, 0, 4;
    %cmp/u;
    %jmp/1 T_2.11, 6;
    %dup/vec4;
    %pushi/vec4 12, 0, 4;
    %cmp/u;
    %jmp/1 T_2.12, 6;
    %dup/vec4;
    %pushi/vec4 13, 0, 4;
    %cmp/u;
    %jmp/1 T_2.13, 6;
    %dup/vec4;
    %pushi/vec4 14, 0, 4;
    %cmp/u;
    %jmp/1 T_2.14, 6;
    %dup/vec4;
    %pushi/vec4 15, 0, 4;
    %cmp/u;
    %jmp/1 T_2.15, 6;
    %jmp T_2.16;
T_2.0 ;
    %load/vec4 v0x7fb12786c2e0_0;
    %dup/vec4;
    %pushi/vec4 0, 0, 3;
    %cmp/u;
    %jmp/1 T_2.17, 6;
    %dup/vec4;
    %pushi/vec4 1, 0, 3;
    %cmp/u;
    %jmp/1 T_2.18, 6;
    %dup/vec4;
    %pushi/vec4 2, 0, 3;
    %cmp/u;
    %jmp/1 T_2.19, 6;
    %dup/vec4;
    %pushi/vec4 3, 0, 3;
    %cmp/u;
    %jmp/1 T_2.20, 6;
    %dup/vec4;
    %pushi/vec4 4, 0, 3;
    %cmp/u;
    %jmp/1 T_2.21, 6;
    %dup/vec4;
    %pushi/vec4 5, 0, 3;
    %cmp/u;
    %jmp/1 T_2.22, 6;
    %dup/vec4;
    %pushi/vec4 6, 0, 3;
    %cmp/u;
    %jmp/1 T_2.23, 6;
    %dup/vec4;
    %pushi/vec4 7, 0, 3;
    %cmp/u;
    %jmp/1 T_2.24, 6;
    %jmp T_2.25;
T_2.17 ;
    %pushi/vec4 127, 0, 8;
    %assign/vec4 v0x7fb12786c230_0, 0;
    %pushi/vec4 28, 0, 16;
    %assign/vec4 v0x7fb12786c0d0_0, 0;
    %jmp T_2.25;
T_2.18 ;
    %pushi/vec4 191, 0, 8;
    %assign/vec4 v0x7fb12786c230_0, 0;
    %pushi/vec4 22, 0, 16;
    %assign/vec4 v0x7fb12786c0d0_0, 0;
    %jmp T_2.25;
T_2.19 ;
    %pushi/vec4 223, 0, 8;
    %assign/vec4 v0x7fb12786c230_0, 0;
    %pushi/vec4 30, 0, 16;
    %assign/vec4 v0x7fb12786c0d0_0, 0;
    %jmp T_2.25;
T_2.20 ;
    %pushi/vec4 239, 0, 8;
    %assign/vec4 v0x7fb12786c230_0, 0;
    %pushi/vec4 56, 0, 16;
    %assign/vec4 v0x7fb12786c0d0_0, 0;
    %jmp T_2.25;
T_2.21 ;
    %pushi/vec4 247, 0, 8;
    %assign/vec4 v0x7fb12786c230_0, 0;
    %pushi/vec4 190, 0, 16;
    %assign/vec4 v0x7fb12786c0d0_0, 0;
    %jmp T_2.25;
T_2.22 ;
    %pushi/vec4 251, 0, 8;
    %assign/vec4 v0x7fb12786c230_0, 0;
    %pushi/vec4 248, 0, 16;
    %assign/vec4 v0x7fb12786c0d0_0, 0;
    %jmp T_2.25;
T_2.23 ;
    %pushi/vec4 253, 0, 8;
    %assign/vec4 v0x7fb12786c230_0, 0;
    %pushi/vec4 120, 0, 16;
    %assign/vec4 v0x7fb12786c0d0_0, 0;
    %jmp T_2.25;
T_2.24 ;
    %pushi/vec4 254, 0, 8;
    %assign/vec4 v0x7fb12786c230_0, 0;
    %pushi/vec4 40, 0, 16;
    %assign/vec4 v0x7fb12786c0d0_0, 0;
    %jmp T_2.25;
T_2.25 ;
    %pop/vec4 1;
    %load/vec4 v0x7fb12786c2e0_0;
    %addi 1, 0, 3;
    %assign/vec4 v0x7fb12786c2e0_0, 0;
    %jmp T_2.16;
T_2.1 ;
    %load/vec4 v0x7fb12786c2e0_0;
    %dup/vec4;
    %pushi/vec4 0, 0, 3;
    %cmp/u;
    %jmp/1 T_2.26, 6;
    %dup/vec4;
    %pushi/vec4 1, 0, 3;
    %cmp/u;
    %jmp/1 T_2.27, 6;
    %dup/vec4;
    %pushi/vec4 2, 0, 3;
    %cmp/u;
    %jmp/1 T_2.28, 6;
    %dup/vec4;
    %pushi/vec4 3, 0, 3;
    %cmp/u;
    %jmp/1 T_2.29, 6;
    %dup/vec4;
    %pushi/vec4 4, 0, 3;
    %cmp/u;
    %jmp/1 T_2.30, 6;
    %dup/vec4;
    %pushi/vec4 5, 0, 3;
    %cmp/u;
    %jmp/1 T_2.31, 6;
    %dup/vec4;
    %pushi/vec4 6, 0, 3;
    %cmp/u;
    %jmp/1 T_2.32, 6;
    %dup/vec4;
    %pushi/vec4 7, 0, 3;
    %cmp/u;
    %jmp/1 T_2.33, 6;
    %jmp T_2.34;
T_2.26 ;
    %pushi/vec4 127, 0, 8;
    %assign/vec4 v0x7fb12786c230_0, 0;
    %pushi/vec4 14, 0, 16;
    %assign/vec4 v0x7fb12786c0d0_0, 0;
    %jmp T_2.34;
T_2.27 ;
    %pushi/vec4 191, 0, 8;
    %assign/vec4 v0x7fb12786c230_0, 0;
    %pushi/vec4 11, 0, 16;
    %assign/vec4 v0x7fb12786c0d0_0, 0;
    %jmp T_2.34;
T_2.28 ;
    %pushi/vec4 223, 0, 8;
    %assign/vec4 v0x7fb12786c230_0, 0;
    %pushi/vec4 15, 0, 16;
    %assign/vec4 v0x7fb12786c0d0_0, 0;
    %jmp T_2.34;
T_2.29 ;
    %pushi/vec4 239, 0, 8;
    %assign/vec4 v0x7fb12786c230_0, 0;
    %pushi/vec4 28, 0, 16;
    %assign/vec4 v0x7fb12786c0d0_0, 0;
    %jmp T_2.34;
T_2.30 ;
    %pushi/vec4 247, 0, 8;
    %assign/vec4 v0x7fb12786c230_0, 0;
    %pushi/vec4 95, 0, 16;
    %assign/vec4 v0x7fb12786c0d0_0, 0;
    %jmp T_2.34;
T_2.31 ;
    %pushi/vec4 251, 0, 8;
    %assign/vec4 v0x7fb12786c230_0, 0;
    %pushi/vec4 124, 0, 16;
    %assign/vec4 v0x7fb12786c0d0_0, 0;
    %jmp T_2.34;
T_2.32 ;
    %pushi/vec4 253, 0, 8;
    %assign/vec4 v0x7fb12786c230_0, 0;
    %pushi/vec4 60, 0, 16;
    %assign/vec4 v0x7fb12786c0d0_0, 0;
    %jmp T_2.34;
T_2.33 ;
    %pushi/vec4 254, 0, 8;
    %assign/vec4 v0x7fb12786c230_0, 0;
    %pushi/vec4 20, 0, 16;
    %assign/vec4 v0x7fb12786c0d0_0, 0;
    %jmp T_2.34;
T_2.34 ;
    %pop/vec4 1;
    %load/vec4 v0x7fb12786c2e0_0;
    %addi 1, 0, 3;
    %assign/vec4 v0x7fb12786c2e0_0, 0;
    %jmp T_2.16;
T_2.2 ;
    %load/vec4 v0x7fb12786c2e0_0;
    %dup/vec4;
    %pushi/vec4 0, 0, 3;
    %cmp/u;
    %jmp/1 T_2.35, 6;
    %dup/vec4;
    %pushi/vec4 1, 0, 3;
    %cmp/u;
    %jmp/1 T_2.36, 6;
    %dup/vec4;
    %pushi/vec4 2, 0, 3;
    %cmp/u;
    %jmp/1 T_2.37, 6;
    %dup/vec4;
    %pushi/vec4 3, 0, 3;
    %cmp/u;
    %jmp/1 T_2.38, 6;
    %dup/vec4;
    %pushi/vec4 4, 0, 3;
    %cmp/u;
    %jmp/1 T_2.39, 6;
    %dup/vec4;
    %pushi/vec4 5, 0, 3;
    %cmp/u;
    %jmp/1 T_2.40, 6;
    %dup/vec4;
    %pushi/vec4 6, 0, 3;
    %cmp/u;
    %jmp/1 T_2.41, 6;
    %dup/vec4;
    %pushi/vec4 7, 0, 3;
    %cmp/u;
    %jmp/1 T_2.42, 6;
    %jmp T_2.43;
T_2.35 ;
    %pushi/vec4 127, 0, 8;
    %assign/vec4 v0x7fb12786c230_0, 0;
    %pushi/vec4 7, 0, 16;
    %assign/vec4 v0x7fb12786c0d0_0, 0;
    %jmp T_2.43;
T_2.36 ;
    %pushi/vec4 191, 0, 8;
    %assign/vec4 v0x7fb12786c230_0, 0;
    %pushi/vec4 32773, 0, 16;
    %assign/vec4 v0x7fb12786c0d0_0, 0;
    %jmp T_2.43;
T_2.37 ;
    %pushi/vec4 223, 0, 8;
    %assign/vec4 v0x7fb12786c230_0, 0;
    %pushi/vec4 32775, 0, 16;
    %assign/vec4 v0x7fb12786c0d0_0, 0;
    %jmp T_2.43;
T_2.38 ;
    %pushi/vec4 239, 0, 8;
    %assign/vec4 v0x7fb12786c230_0, 0;
    %pushi/vec4 14, 0, 16;
    %assign/vec4 v0x7fb12786c0d0_0, 0;
    %jmp T_2.43;
T_2.39 ;
    %pushi/vec4 247, 0, 8;
    %assign/vec4 v0x7fb12786c230_0, 0;
    %pushi/vec4 32815, 0, 16;
    %assign/vec4 v0x7fb12786c0d0_0, 0;
    %jmp T_2.43;
T_2.40 ;
    %pushi/vec4 251, 0, 8;
    %assign/vec4 v0x7fb12786c230_0, 0;
    %pushi/vec4 62, 0, 16;
    %assign/vec4 v0x7fb12786c0d0_0, 0;
    %jmp T_2.43;
T_2.41 ;
    %pushi/vec4 253, 0, 8;
    %assign/vec4 v0x7fb12786c230_0, 0;
    %pushi/vec4 30, 0, 16;
    %assign/vec4 v0x7fb12786c0d0_0, 0;
    %jmp T_2.43;
T_2.42 ;
    %pushi/vec4 254, 0, 8;
    %assign/vec4 v0x7fb12786c230_0, 0;
    %pushi/vec4 10, 0, 16;
    %assign/vec4 v0x7fb12786c0d0_0, 0;
    %jmp T_2.43;
T_2.43 ;
    %pop/vec4 1;
    %load/vec4 v0x7fb12786c2e0_0;
    %addi 1, 0, 3;
    %assign/vec4 v0x7fb12786c2e0_0, 0;
    %jmp T_2.16;
T_2.3 ;
    %load/vec4 v0x7fb12786c2e0_0;
    %dup/vec4;
    %pushi/vec4 0, 0, 3;
    %cmp/u;
    %jmp/1 T_2.44, 6;
    %dup/vec4;
    %pushi/vec4 1, 0, 3;
    %cmp/u;
    %jmp/1 T_2.45, 6;
    %dup/vec4;
    %pushi/vec4 2, 0, 3;
    %cmp/u;
    %jmp/1 T_2.46, 6;
    %dup/vec4;
    %pushi/vec4 3, 0, 3;
    %cmp/u;
    %jmp/1 T_2.47, 6;
    %dup/vec4;
    %pushi/vec4 4, 0, 3;
    %cmp/u;
    %jmp/1 T_2.48, 6;
    %dup/vec4;
    %pushi/vec4 5, 0, 3;
    %cmp/u;
    %jmp/1 T_2.49, 6;
    %dup/vec4;
    %pushi/vec4 6, 0, 3;
    %cmp/u;
    %jmp/1 T_2.50, 6;
    %dup/vec4;
    %pushi/vec4 7, 0, 3;
    %cmp/u;
    %jmp/1 T_2.51, 6;
    %jmp T_2.52;
T_2.44 ;
    %pushi/vec4 127, 0, 8;
    %assign/vec4 v0x7fb12786c230_0, 0;
    %pushi/vec4 32771, 0, 16;
    %assign/vec4 v0x7fb12786c0d0_0, 0;
    %jmp T_2.52;
T_2.45 ;
    %pushi/vec4 191, 0, 8;
    %assign/vec4 v0x7fb12786c230_0, 0;
    %pushi/vec4 49154, 0, 16;
    %assign/vec4 v0x7fb12786c0d0_0, 0;
    %jmp T_2.52;
T_2.46 ;
    %pushi/vec4 223, 0, 8;
    %assign/vec4 v0x7fb12786c230_0, 0;
    %pushi/vec4 49155, 0, 16;
    %assign/vec4 v0x7fb12786c0d0_0, 0;
    %jmp T_2.52;
T_2.47 ;
    %pushi/vec4 239, 0, 8;
    %assign/vec4 v0x7fb12786c230_0, 0;
    %pushi/vec4 7, 0, 16;
    %assign/vec4 v0x7fb12786c0d0_0, 0;
    %jmp T_2.52;
T_2.48 ;
    %pushi/vec4 247, 0, 8;
    %assign/vec4 v0x7fb12786c230_0, 0;
    %pushi/vec4 49175, 0, 16;
    %assign/vec4 v0x7fb12786c0d0_0, 0;
    %jmp T_2.52;
T_2.49 ;
    %pushi/vec4 251, 0, 8;
    %assign/vec4 v0x7fb12786c230_0, 0;
    %pushi/vec4 31, 0, 16;
    %assign/vec4 v0x7fb12786c0d0_0, 0;
    %jmp T_2.52;
T_2.50 ;
    %pushi/vec4 253, 0, 8;
    %assign/vec4 v0x7fb12786c230_0, 0;
    %pushi/vec4 15, 0, 16;
    %assign/vec4 v0x7fb12786c0d0_0, 0;
    %jmp T_2.52;
T_2.51 ;
    %pushi/vec4 254, 0, 8;
    %assign/vec4 v0x7fb12786c230_0, 0;
    %pushi/vec4 5, 0, 16;
    %assign/vec4 v0x7fb12786c0d0_0, 0;
    %jmp T_2.52;
T_2.52 ;
    %pop/vec4 1;
    %load/vec4 v0x7fb12786c2e0_0;
    %addi 1, 0, 3;
    %assign/vec4 v0x7fb12786c2e0_0, 0;
    %jmp T_2.16;
T_2.4 ;
    %load/vec4 v0x7fb12786c2e0_0;
    %dup/vec4;
    %pushi/vec4 0, 0, 3;
    %cmp/u;
    %jmp/1 T_2.53, 6;
    %dup/vec4;
    %pushi/vec4 1, 0, 3;
    %cmp/u;
    %jmp/1 T_2.54, 6;
    %dup/vec4;
    %pushi/vec4 2, 0, 3;
    %cmp/u;
    %jmp/1 T_2.55, 6;
    %dup/vec4;
    %pushi/vec4 3, 0, 3;
    %cmp/u;
    %jmp/1 T_2.56, 6;
    %dup/vec4;
    %pushi/vec4 4, 0, 3;
    %cmp/u;
    %jmp/1 T_2.57, 6;
    %dup/vec4;
    %pushi/vec4 5, 0, 3;
    %cmp/u;
    %jmp/1 T_2.58, 6;
    %dup/vec4;
    %pushi/vec4 6, 0, 3;
    %cmp/u;
    %jmp/1 T_2.59, 6;
    %dup/vec4;
    %pushi/vec4 7, 0, 3;
    %cmp/u;
    %jmp/1 T_2.60, 6;
    %jmp T_2.61;
T_2.53 ;
    %pushi/vec4 127, 0, 8;
    %assign/vec4 v0x7fb12786c230_0, 0;
    %pushi/vec4 49153, 0, 16;
    %assign/vec4 v0x7fb12786c0d0_0, 0;
    %jmp T_2.61;
T_2.54 ;
    %pushi/vec4 191, 0, 8;
    %assign/vec4 v0x7fb12786c230_0, 0;
    %pushi/vec4 24577, 0, 16;
    %assign/vec4 v0x7fb12786c0d0_0, 0;
    %jmp T_2.61;
T_2.55 ;
    %pushi/vec4 223, 0, 8;
    %assign/vec4 v0x7fb12786c230_0, 0;
    %pushi/vec4 57345, 0, 16;
    %assign/vec4 v0x7fb12786c0d0_0, 0;
    %jmp T_2.61;
T_2.56 ;
    %pushi/vec4 239, 0, 8;
    %assign/vec4 v0x7fb12786c230_0, 0;
    %pushi/vec4 32771, 0, 16;
    %assign/vec4 v0x7fb12786c0d0_0, 0;
    %jmp T_2.61;
T_2.57 ;
    %pushi/vec4 247, 0, 8;
    %assign/vec4 v0x7fb12786c230_0, 0;
    %pushi/vec4 57355, 0, 16;
    %assign/vec4 v0x7fb12786c0d0_0, 0;
    %jmp T_2.61;
T_2.58 ;
    %pushi/vec4 251, 0, 8;
    %assign/vec4 v0x7fb12786c230_0, 0;
    %pushi/vec4 32783, 0, 16;
    %assign/vec4 v0x7fb12786c0d0_0, 0;
    %jmp T_2.61;
T_2.59 ;
    %pushi/vec4 253, 0, 8;
    %assign/vec4 v0x7fb12786c230_0, 0;
    %pushi/vec4 32775, 0, 16;
    %assign/vec4 v0x7fb12786c0d0_0, 0;
    %jmp T_2.61;
T_2.60 ;
    %pushi/vec4 254, 0, 8;
    %assign/vec4 v0x7fb12786c230_0, 0;
    %pushi/vec4 32770, 0, 16;
    %assign/vec4 v0x7fb12786c0d0_0, 0;
    %jmp T_2.61;
T_2.61 ;
    %pop/vec4 1;
    %load/vec4 v0x7fb12786c2e0_0;
    %addi 1, 0, 3;
    %assign/vec4 v0x7fb12786c2e0_0, 0;
    %jmp T_2.16;
T_2.5 ;
    %load/vec4 v0x7fb12786c2e0_0;
    %dup/vec4;
    %pushi/vec4 0, 0, 3;
    %cmp/u;
    %jmp/1 T_2.62, 6;
    %dup/vec4;
    %pushi/vec4 1, 0, 3;
    %cmp/u;
    %jmp/1 T_2.63, 6;
    %dup/vec4;
    %pushi/vec4 2, 0, 3;
    %cmp/u;
    %jmp/1 T_2.64, 6;
    %dup/vec4;
    %pushi/vec4 3, 0, 3;
    %cmp/u;
    %jmp/1 T_2.65, 6;
    %dup/vec4;
    %pushi/vec4 4, 0, 3;
    %cmp/u;
    %jmp/1 T_2.66, 6;
    %dup/vec4;
    %pushi/vec4 5, 0, 3;
    %cmp/u;
    %jmp/1 T_2.67, 6;
    %dup/vec4;
    %pushi/vec4 6, 0, 3;
    %cmp/u;
    %jmp/1 T_2.68, 6;
    %dup/vec4;
    %pushi/vec4 7, 0, 3;
    %cmp/u;
    %jmp/1 T_2.69, 6;
    %jmp T_2.70;
T_2.62 ;
    %pushi/vec4 127, 0, 8;
    %assign/vec4 v0x7fb12786c230_0, 0;
    %pushi/vec4 57344, 0, 16;
    %assign/vec4 v0x7fb12786c0d0_0, 0;
    %jmp T_2.70;
T_2.63 ;
    %pushi/vec4 191, 0, 8;
    %assign/vec4 v0x7fb12786c230_0, 0;
    %pushi/vec4 45056, 0, 16;
    %assign/vec4 v0x7fb12786c0d0_0, 0;
    %jmp T_2.70;
T_2.64 ;
    %pushi/vec4 223, 0, 8;
    %assign/vec4 v0x7fb12786c230_0, 0;
    %pushi/vec4 61440, 0, 16;
    %assign/vec4 v0x7fb12786c0d0_0, 0;
    %jmp T_2.70;
T_2.65 ;
    %pushi/vec4 239, 0, 8;
    %assign/vec4 v0x7fb12786c230_0, 0;
    %pushi/vec4 49153, 0, 16;
    %assign/vec4 v0x7fb12786c0d0_0, 0;
    %jmp T_2.70;
T_2.66 ;
    %pushi/vec4 247, 0, 8;
    %assign/vec4 v0x7fb12786c230_0, 0;
    %pushi/vec4 61445, 0, 16;
    %assign/vec4 v0x7fb12786c0d0_0, 0;
    %jmp T_2.70;
T_2.67 ;
    %pushi/vec4 251, 0, 8;
    %assign/vec4 v0x7fb12786c230_0, 0;
    %pushi/vec4 49159, 0, 16;
    %assign/vec4 v0x7fb12786c0d0_0, 0;
    %jmp T_2.70;
T_2.68 ;
    %pushi/vec4 253, 0, 8;
    %assign/vec4 v0x7fb12786c230_0, 0;
    %pushi/vec4 49155, 0, 16;
    %assign/vec4 v0x7fb12786c0d0_0, 0;
    %jmp T_2.70;
T_2.69 ;
    %pushi/vec4 254, 0, 8;
    %assign/vec4 v0x7fb12786c230_0, 0;
    %pushi/vec4 16385, 0, 16;
    %assign/vec4 v0x7fb12786c0d0_0, 0;
    %jmp T_2.70;
T_2.70 ;
    %pop/vec4 1;
    %load/vec4 v0x7fb12786c2e0_0;
    %addi 1, 0, 3;
    %assign/vec4 v0x7fb12786c2e0_0, 0;
    %jmp T_2.16;
T_2.6 ;
    %load/vec4 v0x7fb12786c2e0_0;
    %dup/vec4;
    %pushi/vec4 0, 0, 3;
    %cmp/u;
    %jmp/1 T_2.71, 6;
    %dup/vec4;
    %pushi/vec4 1, 0, 3;
    %cmp/u;
    %jmp/1 T_2.72, 6;
    %dup/vec4;
    %pushi/vec4 2, 0, 3;
    %cmp/u;
    %jmp/1 T_2.73, 6;
    %dup/vec4;
    %pushi/vec4 3, 0, 3;
    %cmp/u;
    %jmp/1 T_2.74, 6;
    %dup/vec4;
    %pushi/vec4 4, 0, 3;
    %cmp/u;
    %jmp/1 T_2.75, 6;
    %dup/vec4;
    %pushi/vec4 5, 0, 3;
    %cmp/u;
    %jmp/1 T_2.76, 6;
    %dup/vec4;
    %pushi/vec4 6, 0, 3;
    %cmp/u;
    %jmp/1 T_2.77, 6;
    %dup/vec4;
    %pushi/vec4 7, 0, 3;
    %cmp/u;
    %jmp/1 T_2.78, 6;
    %jmp T_2.79;
T_2.71 ;
    %pushi/vec4 127, 0, 8;
    %assign/vec4 v0x7fb12786c230_0, 0;
    %pushi/vec4 28672, 0, 16;
    %assign/vec4 v0x7fb12786c0d0_0, 0;
    %jmp T_2.79;
T_2.72 ;
    %pushi/vec4 191, 0, 8;
    %assign/vec4 v0x7fb12786c230_0, 0;
    %pushi/vec4 22528, 0, 16;
    %assign/vec4 v0x7fb12786c0d0_0, 0;
    %jmp T_2.79;
T_2.73 ;
    %pushi/vec4 223, 0, 8;
    %assign/vec4 v0x7fb12786c230_0, 0;
    %pushi/vec4 30720, 0, 16;
    %assign/vec4 v0x7fb12786c0d0_0, 0;
    %jmp T_2.79;
T_2.74 ;
    %pushi/vec4 239, 0, 8;
    %assign/vec4 v0x7fb12786c230_0, 0;
    %pushi/vec4 57344, 0, 16;
    %assign/vec4 v0x7fb12786c0d0_0, 0;
    %jmp T_2.79;
T_2.75 ;
    %pushi/vec4 247, 0, 8;
    %assign/vec4 v0x7fb12786c230_0, 0;
    %pushi/vec4 63490, 0, 16;
    %assign/vec4 v0x7fb12786c0d0_0, 0;
    %jmp T_2.79;
T_2.76 ;
    %pushi/vec4 251, 0, 8;
    %assign/vec4 v0x7fb12786c230_0, 0;
    %pushi/vec4 57347, 0, 16;
    %assign/vec4 v0x7fb12786c0d0_0, 0;
    %jmp T_2.79;
T_2.77 ;
    %pushi/vec4 253, 0, 8;
    %assign/vec4 v0x7fb12786c230_0, 0;
    %pushi/vec4 57345, 0, 16;
    %assign/vec4 v0x7fb12786c0d0_0, 0;
    %jmp T_2.79;
T_2.78 ;
    %pushi/vec4 254, 0, 8;
    %assign/vec4 v0x7fb12786c230_0, 0;
    %pushi/vec4 40960, 0, 16;
    %assign/vec4 v0x7fb12786c0d0_0, 0;
    %jmp T_2.79;
T_2.79 ;
    %pop/vec4 1;
    %load/vec4 v0x7fb12786c2e0_0;
    %addi 1, 0, 3;
    %assign/vec4 v0x7fb12786c2e0_0, 0;
    %jmp T_2.16;
T_2.7 ;
    %load/vec4 v0x7fb12786c2e0_0;
    %dup/vec4;
    %pushi/vec4 0, 0, 3;
    %cmp/u;
    %jmp/1 T_2.80, 6;
    %dup/vec4;
    %pushi/vec4 1, 0, 3;
    %cmp/u;
    %jmp/1 T_2.81, 6;
    %dup/vec4;
    %pushi/vec4 2, 0, 3;
    %cmp/u;
    %jmp/1 T_2.82, 6;
    %dup/vec4;
    %pushi/vec4 3, 0, 3;
    %cmp/u;
    %jmp/1 T_2.83, 6;
    %dup/vec4;
    %pushi/vec4 4, 0, 3;
    %cmp/u;
    %jmp/1 T_2.84, 6;
    %dup/vec4;
    %pushi/vec4 5, 0, 3;
    %cmp/u;
    %jmp/1 T_2.85, 6;
    %dup/vec4;
    %pushi/vec4 6, 0, 3;
    %cmp/u;
    %jmp/1 T_2.86, 6;
    %dup/vec4;
    %pushi/vec4 7, 0, 3;
    %cmp/u;
    %jmp/1 T_2.87, 6;
    %jmp T_2.88;
T_2.80 ;
    %pushi/vec4 127, 0, 8;
    %assign/vec4 v0x7fb12786c230_0, 0;
    %pushi/vec4 14336, 0, 16;
    %assign/vec4 v0x7fb12786c0d0_0, 0;
    %jmp T_2.88;
T_2.81 ;
    %pushi/vec4 191, 0, 8;
    %assign/vec4 v0x7fb12786c230_0, 0;
    %pushi/vec4 11264, 0, 16;
    %assign/vec4 v0x7fb12786c0d0_0, 0;
    %jmp T_2.88;
T_2.82 ;
    %pushi/vec4 223, 0, 8;
    %assign/vec4 v0x7fb12786c230_0, 0;
    %pushi/vec4 15360, 0, 16;
    %assign/vec4 v0x7fb12786c0d0_0, 0;
    %jmp T_2.88;
T_2.83 ;
    %pushi/vec4 239, 0, 8;
    %assign/vec4 v0x7fb12786c230_0, 0;
    %pushi/vec4 28672, 0, 16;
    %assign/vec4 v0x7fb12786c0d0_0, 0;
    %jmp T_2.88;
T_2.84 ;
    %pushi/vec4 247, 0, 8;
    %assign/vec4 v0x7fb12786c230_0, 0;
    %pushi/vec4 31745, 0, 16;
    %assign/vec4 v0x7fb12786c0d0_0, 0;
    %jmp T_2.88;
T_2.85 ;
    %pushi/vec4 251, 0, 8;
    %assign/vec4 v0x7fb12786c230_0, 0;
    %pushi/vec4 61441, 0, 16;
    %assign/vec4 v0x7fb12786c0d0_0, 0;
    %jmp T_2.88;
T_2.86 ;
    %pushi/vec4 253, 0, 8;
    %assign/vec4 v0x7fb12786c230_0, 0;
    %pushi/vec4 61440, 0, 16;
    %assign/vec4 v0x7fb12786c0d0_0, 0;
    %jmp T_2.88;
T_2.87 ;
    %pushi/vec4 254, 0, 8;
    %assign/vec4 v0x7fb12786c230_0, 0;
    %pushi/vec4 20480, 0, 16;
    %assign/vec4 v0x7fb12786c0d0_0, 0;
    %jmp T_2.88;
T_2.88 ;
    %pop/vec4 1;
    %load/vec4 v0x7fb12786c2e0_0;
    %addi 1, 0, 3;
    %assign/vec4 v0x7fb12786c2e0_0, 0;
    %jmp T_2.16;
T_2.8 ;
    %load/vec4 v0x7fb12786c2e0_0;
    %dup/vec4;
    %pushi/vec4 0, 0, 3;
    %cmp/u;
    %jmp/1 T_2.89, 6;
    %dup/vec4;
    %pushi/vec4 1, 0, 3;
    %cmp/u;
    %jmp/1 T_2.90, 6;
    %dup/vec4;
    %pushi/vec4 2, 0, 3;
    %cmp/u;
    %jmp/1 T_2.91, 6;
    %dup/vec4;
    %pushi/vec4 3, 0, 3;
    %cmp/u;
    %jmp/1 T_2.92, 6;
    %dup/vec4;
    %pushi/vec4 4, 0, 3;
    %cmp/u;
    %jmp/1 T_2.93, 6;
    %dup/vec4;
    %pushi/vec4 5, 0, 3;
    %cmp/u;
    %jmp/1 T_2.94, 6;
    %dup/vec4;
    %pushi/vec4 6, 0, 3;
    %cmp/u;
    %jmp/1 T_2.95, 6;
    %dup/vec4;
    %pushi/vec4 7, 0, 3;
    %cmp/u;
    %jmp/1 T_2.96, 6;
    %jmp T_2.97;
T_2.89 ;
    %pushi/vec4 127, 0, 8;
    %assign/vec4 v0x7fb12786c230_0, 0;
    %pushi/vec4 7168, 0, 16;
    %assign/vec4 v0x7fb12786c0d0_0, 0;
    %jmp T_2.97;
T_2.90 ;
    %pushi/vec4 191, 0, 8;
    %assign/vec4 v0x7fb12786c230_0, 0;
    %pushi/vec4 5632, 0, 16;
    %assign/vec4 v0x7fb12786c0d0_0, 0;
    %jmp T_2.97;
T_2.91 ;
    %pushi/vec4 223, 0, 8;
    %assign/vec4 v0x7fb12786c230_0, 0;
    %pushi/vec4 7680, 0, 16;
    %assign/vec4 v0x7fb12786c0d0_0, 0;
    %jmp T_2.97;
T_2.92 ;
    %pushi/vec4 239, 0, 8;
    %assign/vec4 v0x7fb12786c230_0, 0;
    %pushi/vec4 14336, 0, 16;
    %assign/vec4 v0x7fb12786c0d0_0, 0;
    %jmp T_2.97;
T_2.93 ;
    %pushi/vec4 247, 0, 8;
    %assign/vec4 v0x7fb12786c230_0, 0;
    %pushi/vec4 48640, 0, 16;
    %assign/vec4 v0x7fb12786c0d0_0, 0;
    %jmp T_2.97;
T_2.94 ;
    %pushi/vec4 251, 0, 8;
    %assign/vec4 v0x7fb12786c230_0, 0;
    %pushi/vec4 63488, 0, 16;
    %assign/vec4 v0x7fb12786c0d0_0, 0;
    %jmp T_2.97;
T_2.95 ;
    %pushi/vec4 253, 0, 8;
    %assign/vec4 v0x7fb12786c230_0, 0;
    %pushi/vec4 30720, 0, 16;
    %assign/vec4 v0x7fb12786c0d0_0, 0;
    %jmp T_2.97;
T_2.96 ;
    %pushi/vec4 254, 0, 8;
    %assign/vec4 v0x7fb12786c230_0, 0;
    %pushi/vec4 10240, 0, 16;
    %assign/vec4 v0x7fb12786c0d0_0, 0;
    %jmp T_2.97;
T_2.97 ;
    %pop/vec4 1;
    %load/vec4 v0x7fb12786c2e0_0;
    %addi 1, 0, 3;
    %assign/vec4 v0x7fb12786c2e0_0, 0;
    %jmp T_2.16;
T_2.9 ;
    %load/vec4 v0x7fb12786c2e0_0;
    %dup/vec4;
    %pushi/vec4 0, 0, 3;
    %cmp/u;
    %jmp/1 T_2.98, 6;
    %dup/vec4;
    %pushi/vec4 1, 0, 3;
    %cmp/u;
    %jmp/1 T_2.99, 6;
    %dup/vec4;
    %pushi/vec4 2, 0, 3;
    %cmp/u;
    %jmp/1 T_2.100, 6;
    %dup/vec4;
    %pushi/vec4 3, 0, 3;
    %cmp/u;
    %jmp/1 T_2.101, 6;
    %dup/vec4;
    %pushi/vec4 4, 0, 3;
    %cmp/u;
    %jmp/1 T_2.102, 6;
    %dup/vec4;
    %pushi/vec4 5, 0, 3;
    %cmp/u;
    %jmp/1 T_2.103, 6;
    %dup/vec4;
    %pushi/vec4 6, 0, 3;
    %cmp/u;
    %jmp/1 T_2.104, 6;
    %dup/vec4;
    %pushi/vec4 7, 0, 3;
    %cmp/u;
    %jmp/1 T_2.105, 6;
    %jmp T_2.106;
T_2.98 ;
    %pushi/vec4 127, 0, 8;
    %assign/vec4 v0x7fb12786c230_0, 0;
    %pushi/vec4 3584, 0, 16;
    %assign/vec4 v0x7fb12786c0d0_0, 0;
    %jmp T_2.106;
T_2.99 ;
    %pushi/vec4 191, 0, 8;
    %assign/vec4 v0x7fb12786c230_0, 0;
    %pushi/vec4 2816, 0, 16;
    %assign/vec4 v0x7fb12786c0d0_0, 0;
    %jmp T_2.106;
T_2.100 ;
    %pushi/vec4 223, 0, 8;
    %assign/vec4 v0x7fb12786c230_0, 0;
    %pushi/vec4 3840, 0, 16;
    %assign/vec4 v0x7fb12786c0d0_0, 0;
    %jmp T_2.106;
T_2.101 ;
    %pushi/vec4 239, 0, 8;
    %assign/vec4 v0x7fb12786c230_0, 0;
    %pushi/vec4 7168, 0, 16;
    %assign/vec4 v0x7fb12786c0d0_0, 0;
    %jmp T_2.106;
T_2.102 ;
    %pushi/vec4 247, 0, 8;
    %assign/vec4 v0x7fb12786c230_0, 0;
    %pushi/vec4 24320, 0, 16;
    %assign/vec4 v0x7fb12786c0d0_0, 0;
    %jmp T_2.106;
T_2.103 ;
    %pushi/vec4 251, 0, 8;
    %assign/vec4 v0x7fb12786c230_0, 0;
    %pushi/vec4 31744, 0, 16;
    %assign/vec4 v0x7fb12786c0d0_0, 0;
    %jmp T_2.106;
T_2.104 ;
    %pushi/vec4 253, 0, 8;
    %assign/vec4 v0x7fb12786c230_0, 0;
    %pushi/vec4 15360, 0, 16;
    %assign/vec4 v0x7fb12786c0d0_0, 0;
    %jmp T_2.106;
T_2.105 ;
    %pushi/vec4 254, 0, 8;
    %assign/vec4 v0x7fb12786c230_0, 0;
    %pushi/vec4 5120, 0, 16;
    %assign/vec4 v0x7fb12786c0d0_0, 0;
    %jmp T_2.106;
T_2.106 ;
    %pop/vec4 1;
    %load/vec4 v0x7fb12786c2e0_0;
    %addi 1, 0, 3;
    %assign/vec4 v0x7fb12786c2e0_0, 0;
    %jmp T_2.16;
T_2.10 ;
    %load/vec4 v0x7fb12786c2e0_0;
    %dup/vec4;
    %pushi/vec4 0, 0, 3;
    %cmp/u;
    %jmp/1 T_2.107, 6;
    %dup/vec4;
    %pushi/vec4 1, 0, 3;
    %cmp/u;
    %jmp/1 T_2.108, 6;
    %dup/vec4;
    %pushi/vec4 2, 0, 3;
    %cmp/u;
    %jmp/1 T_2.109, 6;
    %dup/vec4;
    %pushi/vec4 3, 0, 3;
    %cmp/u;
    %jmp/1 T_2.110, 6;
    %dup/vec4;
    %pushi/vec4 4, 0, 3;
    %cmp/u;
    %jmp/1 T_2.111, 6;
    %dup/vec4;
    %pushi/vec4 5, 0, 3;
    %cmp/u;
    %jmp/1 T_2.112, 6;
    %dup/vec4;
    %pushi/vec4 6, 0, 3;
    %cmp/u;
    %jmp/1 T_2.113, 6;
    %dup/vec4;
    %pushi/vec4 7, 0, 3;
    %cmp/u;
    %jmp/1 T_2.114, 6;
    %jmp T_2.115;
T_2.107 ;
    %pushi/vec4 127, 0, 8;
    %assign/vec4 v0x7fb12786c230_0, 0;
    %pushi/vec4 1792, 0, 16;
    %assign/vec4 v0x7fb12786c0d0_0, 0;
    %jmp T_2.115;
T_2.108 ;
    %pushi/vec4 191, 0, 8;
    %assign/vec4 v0x7fb12786c230_0, 0;
    %pushi/vec4 1408, 0, 16;
    %assign/vec4 v0x7fb12786c0d0_0, 0;
    %jmp T_2.115;
T_2.109 ;
    %pushi/vec4 223, 0, 8;
    %assign/vec4 v0x7fb12786c230_0, 0;
    %pushi/vec4 1920, 0, 16;
    %assign/vec4 v0x7fb12786c0d0_0, 0;
    %jmp T_2.115;
T_2.110 ;
    %pushi/vec4 239, 0, 8;
    %assign/vec4 v0x7fb12786c230_0, 0;
    %pushi/vec4 3584, 0, 16;
    %assign/vec4 v0x7fb12786c0d0_0, 0;
    %jmp T_2.115;
T_2.111 ;
    %pushi/vec4 247, 0, 8;
    %assign/vec4 v0x7fb12786c230_0, 0;
    %pushi/vec4 12160, 0, 16;
    %assign/vec4 v0x7fb12786c0d0_0, 0;
    %jmp T_2.115;
T_2.112 ;
    %pushi/vec4 251, 0, 8;
    %assign/vec4 v0x7fb12786c230_0, 0;
    %pushi/vec4 15872, 0, 16;
    %assign/vec4 v0x7fb12786c0d0_0, 0;
    %jmp T_2.115;
T_2.113 ;
    %pushi/vec4 253, 0, 8;
    %assign/vec4 v0x7fb12786c230_0, 0;
    %pushi/vec4 7680, 0, 16;
    %assign/vec4 v0x7fb12786c0d0_0, 0;
    %jmp T_2.115;
T_2.114 ;
    %pushi/vec4 254, 0, 8;
    %assign/vec4 v0x7fb12786c230_0, 0;
    %pushi/vec4 2560, 0, 16;
    %assign/vec4 v0x7fb12786c0d0_0, 0;
    %jmp T_2.115;
T_2.115 ;
    %pop/vec4 1;
    %load/vec4 v0x7fb12786c2e0_0;
    %addi 1, 0, 3;
    %assign/vec4 v0x7fb12786c2e0_0, 0;
    %jmp T_2.16;
T_2.11 ;
    %load/vec4 v0x7fb12786c2e0_0;
    %dup/vec4;
    %pushi/vec4 0, 0, 3;
    %cmp/u;
    %jmp/1 T_2.116, 6;
    %dup/vec4;
    %pushi/vec4 1, 0, 3;
    %cmp/u;
    %jmp/1 T_2.117, 6;
    %dup/vec4;
    %pushi/vec4 2, 0, 3;
    %cmp/u;
    %jmp/1 T_2.118, 6;
    %dup/vec4;
    %pushi/vec4 3, 0, 3;
    %cmp/u;
    %jmp/1 T_2.119, 6;
    %dup/vec4;
    %pushi/vec4 4, 0, 3;
    %cmp/u;
    %jmp/1 T_2.120, 6;
    %dup/vec4;
    %pushi/vec4 5, 0, 3;
    %cmp/u;
    %jmp/1 T_2.121, 6;
    %dup/vec4;
    %pushi/vec4 6, 0, 3;
    %cmp/u;
    %jmp/1 T_2.122, 6;
    %dup/vec4;
    %pushi/vec4 7, 0, 3;
    %cmp/u;
    %jmp/1 T_2.123, 6;
    %jmp T_2.124;
T_2.116 ;
    %pushi/vec4 127, 0, 8;
    %assign/vec4 v0x7fb12786c230_0, 0;
    %pushi/vec4 896, 0, 16;
    %assign/vec4 v0x7fb12786c0d0_0, 0;
    %jmp T_2.124;
T_2.117 ;
    %pushi/vec4 191, 0, 8;
    %assign/vec4 v0x7fb12786c230_0, 0;
    %pushi/vec4 704, 0, 16;
    %assign/vec4 v0x7fb12786c0d0_0, 0;
    %jmp T_2.124;
T_2.118 ;
    %pushi/vec4 223, 0, 8;
    %assign/vec4 v0x7fb12786c230_0, 0;
    %pushi/vec4 960, 0, 16;
    %assign/vec4 v0x7fb12786c0d0_0, 0;
    %jmp T_2.124;
T_2.119 ;
    %pushi/vec4 239, 0, 8;
    %assign/vec4 v0x7fb12786c230_0, 0;
    %pushi/vec4 1792, 0, 16;
    %assign/vec4 v0x7fb12786c0d0_0, 0;
    %jmp T_2.124;
T_2.120 ;
    %pushi/vec4 247, 0, 8;
    %assign/vec4 v0x7fb12786c230_0, 0;
    %pushi/vec4 6080, 0, 16;
    %assign/vec4 v0x7fb12786c0d0_0, 0;
    %jmp T_2.124;
T_2.121 ;
    %pushi/vec4 251, 0, 8;
    %assign/vec4 v0x7fb12786c230_0, 0;
    %pushi/vec4 7936, 0, 16;
    %assign/vec4 v0x7fb12786c0d0_0, 0;
    %jmp T_2.124;
T_2.122 ;
    %pushi/vec4 253, 0, 8;
    %assign/vec4 v0x7fb12786c230_0, 0;
    %pushi/vec4 3840, 0, 16;
    %assign/vec4 v0x7fb12786c0d0_0, 0;
    %jmp T_2.124;
T_2.123 ;
    %pushi/vec4 254, 0, 8;
    %assign/vec4 v0x7fb12786c230_0, 0;
    %pushi/vec4 1280, 0, 16;
    %assign/vec4 v0x7fb12786c0d0_0, 0;
    %jmp T_2.124;
T_2.124 ;
    %pop/vec4 1;
    %load/vec4 v0x7fb12786c2e0_0;
    %addi 1, 0, 3;
    %assign/vec4 v0x7fb12786c2e0_0, 0;
    %jmp T_2.16;
T_2.12 ;
    %load/vec4 v0x7fb12786c2e0_0;
    %dup/vec4;
    %pushi/vec4 0, 0, 3;
    %cmp/u;
    %jmp/1 T_2.125, 6;
    %dup/vec4;
    %pushi/vec4 1, 0, 3;
    %cmp/u;
    %jmp/1 T_2.126, 6;
    %dup/vec4;
    %pushi/vec4 2, 0, 3;
    %cmp/u;
    %jmp/1 T_2.127, 6;
    %dup/vec4;
    %pushi/vec4 3, 0, 3;
    %cmp/u;
    %jmp/1 T_2.128, 6;
    %dup/vec4;
    %pushi/vec4 4, 0, 3;
    %cmp/u;
    %jmp/1 T_2.129, 6;
    %dup/vec4;
    %pushi/vec4 5, 0, 3;
    %cmp/u;
    %jmp/1 T_2.130, 6;
    %dup/vec4;
    %pushi/vec4 6, 0, 3;
    %cmp/u;
    %jmp/1 T_2.131, 6;
    %dup/vec4;
    %pushi/vec4 7, 0, 3;
    %cmp/u;
    %jmp/1 T_2.132, 6;
    %jmp T_2.133;
T_2.125 ;
    %pushi/vec4 127, 0, 8;
    %assign/vec4 v0x7fb12786c230_0, 0;
    %pushi/vec4 448, 0, 16;
    %assign/vec4 v0x7fb12786c0d0_0, 0;
    %jmp T_2.133;
T_2.126 ;
    %pushi/vec4 191, 0, 8;
    %assign/vec4 v0x7fb12786c230_0, 0;
    %pushi/vec4 352, 0, 16;
    %assign/vec4 v0x7fb12786c0d0_0, 0;
    %jmp T_2.133;
T_2.127 ;
    %pushi/vec4 223, 0, 8;
    %assign/vec4 v0x7fb12786c230_0, 0;
    %pushi/vec4 480, 0, 16;
    %assign/vec4 v0x7fb12786c0d0_0, 0;
    %jmp T_2.133;
T_2.128 ;
    %pushi/vec4 239, 0, 8;
    %assign/vec4 v0x7fb12786c230_0, 0;
    %pushi/vec4 896, 0, 16;
    %assign/vec4 v0x7fb12786c0d0_0, 0;
    %jmp T_2.133;
T_2.129 ;
    %pushi/vec4 247, 0, 8;
    %assign/vec4 v0x7fb12786c230_0, 0;
    %pushi/vec4 3040, 0, 16;
    %assign/vec4 v0x7fb12786c0d0_0, 0;
    %jmp T_2.133;
T_2.130 ;
    %pushi/vec4 251, 0, 8;
    %assign/vec4 v0x7fb12786c230_0, 0;
    %pushi/vec4 3968, 0, 16;
    %assign/vec4 v0x7fb12786c0d0_0, 0;
    %jmp T_2.133;
T_2.131 ;
    %pushi/vec4 253, 0, 8;
    %assign/vec4 v0x7fb12786c230_0, 0;
    %pushi/vec4 1920, 0, 16;
    %assign/vec4 v0x7fb12786c0d0_0, 0;
    %jmp T_2.133;
T_2.132 ;
    %pushi/vec4 254, 0, 8;
    %assign/vec4 v0x7fb12786c230_0, 0;
    %pushi/vec4 640, 0, 16;
    %assign/vec4 v0x7fb12786c0d0_0, 0;
    %jmp T_2.133;
T_2.133 ;
    %pop/vec4 1;
    %load/vec4 v0x7fb12786c2e0_0;
    %addi 1, 0, 3;
    %assign/vec4 v0x7fb12786c2e0_0, 0;
    %jmp T_2.16;
T_2.13 ;
    %load/vec4 v0x7fb12786c2e0_0;
    %dup/vec4;
    %pushi/vec4 0, 0, 3;
    %cmp/u;
    %jmp/1 T_2.134, 6;
    %dup/vec4;
    %pushi/vec4 1, 0, 3;
    %cmp/u;
    %jmp/1 T_2.135, 6;
    %dup/vec4;
    %pushi/vec4 2, 0, 3;
    %cmp/u;
    %jmp/1 T_2.136, 6;
    %dup/vec4;
    %pushi/vec4 3, 0, 3;
    %cmp/u;
    %jmp/1 T_2.137, 6;
    %dup/vec4;
    %pushi/vec4 4, 0, 3;
    %cmp/u;
    %jmp/1 T_2.138, 6;
    %dup/vec4;
    %pushi/vec4 5, 0, 3;
    %cmp/u;
    %jmp/1 T_2.139, 6;
    %dup/vec4;
    %pushi/vec4 6, 0, 3;
    %cmp/u;
    %jmp/1 T_2.140, 6;
    %dup/vec4;
    %pushi/vec4 7, 0, 3;
    %cmp/u;
    %jmp/1 T_2.141, 6;
    %jmp T_2.142;
T_2.134 ;
    %pushi/vec4 127, 0, 8;
    %assign/vec4 v0x7fb12786c230_0, 0;
    %pushi/vec4 224, 0, 16;
    %assign/vec4 v0x7fb12786c0d0_0, 0;
    %jmp T_2.142;
T_2.135 ;
    %pushi/vec4 191, 0, 8;
    %assign/vec4 v0x7fb12786c230_0, 0;
    %pushi/vec4 176, 0, 16;
    %assign/vec4 v0x7fb12786c0d0_0, 0;
    %jmp T_2.142;
T_2.136 ;
    %pushi/vec4 223, 0, 8;
    %assign/vec4 v0x7fb12786c230_0, 0;
    %pushi/vec4 240, 0, 16;
    %assign/vec4 v0x7fb12786c0d0_0, 0;
    %jmp T_2.142;
T_2.137 ;
    %pushi/vec4 239, 0, 8;
    %assign/vec4 v0x7fb12786c230_0, 0;
    %pushi/vec4 448, 0, 16;
    %assign/vec4 v0x7fb12786c0d0_0, 0;
    %jmp T_2.142;
T_2.138 ;
    %pushi/vec4 247, 0, 8;
    %assign/vec4 v0x7fb12786c230_0, 0;
    %pushi/vec4 1520, 0, 16;
    %assign/vec4 v0x7fb12786c0d0_0, 0;
    %jmp T_2.142;
T_2.139 ;
    %pushi/vec4 251, 0, 8;
    %assign/vec4 v0x7fb12786c230_0, 0;
    %pushi/vec4 1984, 0, 16;
    %assign/vec4 v0x7fb12786c0d0_0, 0;
    %jmp T_2.142;
T_2.140 ;
    %pushi/vec4 253, 0, 8;
    %assign/vec4 v0x7fb12786c230_0, 0;
    %pushi/vec4 960, 0, 16;
    %assign/vec4 v0x7fb12786c0d0_0, 0;
    %jmp T_2.142;
T_2.141 ;
    %pushi/vec4 254, 0, 8;
    %assign/vec4 v0x7fb12786c230_0, 0;
    %pushi/vec4 320, 0, 16;
    %assign/vec4 v0x7fb12786c0d0_0, 0;
    %jmp T_2.142;
T_2.142 ;
    %pop/vec4 1;
    %load/vec4 v0x7fb12786c2e0_0;
    %addi 1, 0, 3;
    %assign/vec4 v0x7fb12786c2e0_0, 0;
    %jmp T_2.16;
T_2.14 ;
    %load/vec4 v0x7fb12786c2e0_0;
    %dup/vec4;
    %pushi/vec4 0, 0, 3;
    %cmp/u;
    %jmp/1 T_2.143, 6;
    %dup/vec4;
    %pushi/vec4 1, 0, 3;
    %cmp/u;
    %jmp/1 T_2.144, 6;
    %dup/vec4;
    %pushi/vec4 2, 0, 3;
    %cmp/u;
    %jmp/1 T_2.145, 6;
    %dup/vec4;
    %pushi/vec4 3, 0, 3;
    %cmp/u;
    %jmp/1 T_2.146, 6;
    %dup/vec4;
    %pushi/vec4 4, 0, 3;
    %cmp/u;
    %jmp/1 T_2.147, 6;
    %dup/vec4;
    %pushi/vec4 5, 0, 3;
    %cmp/u;
    %jmp/1 T_2.148, 6;
    %dup/vec4;
    %pushi/vec4 6, 0, 3;
    %cmp/u;
    %jmp/1 T_2.149, 6;
    %dup/vec4;
    %pushi/vec4 7, 0, 3;
    %cmp/u;
    %jmp/1 T_2.150, 6;
    %jmp T_2.151;
T_2.143 ;
    %pushi/vec4 127, 0, 8;
    %assign/vec4 v0x7fb12786c230_0, 0;
    %pushi/vec4 112, 0, 16;
    %assign/vec4 v0x7fb12786c0d0_0, 0;
    %jmp T_2.151;
T_2.144 ;
    %pushi/vec4 191, 0, 8;
    %assign/vec4 v0x7fb12786c230_0, 0;
    %pushi/vec4 88, 0, 16;
    %assign/vec4 v0x7fb12786c0d0_0, 0;
    %jmp T_2.151;
T_2.145 ;
    %pushi/vec4 223, 0, 8;
    %assign/vec4 v0x7fb12786c230_0, 0;
    %pushi/vec4 120, 0, 16;
    %assign/vec4 v0x7fb12786c0d0_0, 0;
    %jmp T_2.151;
T_2.146 ;
    %pushi/vec4 239, 0, 8;
    %assign/vec4 v0x7fb12786c230_0, 0;
    %pushi/vec4 224, 0, 16;
    %assign/vec4 v0x7fb12786c0d0_0, 0;
    %jmp T_2.151;
T_2.147 ;
    %pushi/vec4 247, 0, 8;
    %assign/vec4 v0x7fb12786c230_0, 0;
    %pushi/vec4 760, 0, 16;
    %assign/vec4 v0x7fb12786c0d0_0, 0;
    %jmp T_2.151;
T_2.148 ;
    %pushi/vec4 251, 0, 8;
    %assign/vec4 v0x7fb12786c230_0, 0;
    %pushi/vec4 992, 0, 16;
    %assign/vec4 v0x7fb12786c0d0_0, 0;
    %jmp T_2.151;
T_2.149 ;
    %pushi/vec4 253, 0, 8;
    %assign/vec4 v0x7fb12786c230_0, 0;
    %pushi/vec4 480, 0, 16;
    %assign/vec4 v0x7fb12786c0d0_0, 0;
    %jmp T_2.151;
T_2.150 ;
    %pushi/vec4 254, 0, 8;
    %assign/vec4 v0x7fb12786c230_0, 0;
    %pushi/vec4 160, 0, 16;
    %assign/vec4 v0x7fb12786c0d0_0, 0;
    %jmp T_2.151;
T_2.151 ;
    %pop/vec4 1;
    %load/vec4 v0x7fb12786c2e0_0;
    %addi 1, 0, 3;
    %assign/vec4 v0x7fb12786c2e0_0, 0;
    %jmp T_2.16;
T_2.15 ;
    %load/vec4 v0x7fb12786c2e0_0;
    %dup/vec4;
    %pushi/vec4 0, 0, 3;
    %cmp/u;
    %jmp/1 T_2.152, 6;
    %dup/vec4;
    %pushi/vec4 1, 0, 3;
    %cmp/u;
    %jmp/1 T_2.153, 6;
    %dup/vec4;
    %pushi/vec4 2, 0, 3;
    %cmp/u;
    %jmp/1 T_2.154, 6;
    %dup/vec4;
    %pushi/vec4 3, 0, 3;
    %cmp/u;
    %jmp/1 T_2.155, 6;
    %dup/vec4;
    %pushi/vec4 4, 0, 3;
    %cmp/u;
    %jmp/1 T_2.156, 6;
    %dup/vec4;
    %pushi/vec4 5, 0, 3;
    %cmp/u;
    %jmp/1 T_2.157, 6;
    %dup/vec4;
    %pushi/vec4 6, 0, 3;
    %cmp/u;
    %jmp/1 T_2.158, 6;
    %dup/vec4;
    %pushi/vec4 7, 0, 3;
    %cmp/u;
    %jmp/1 T_2.159, 6;
    %jmp T_2.160;
T_2.152 ;
    %pushi/vec4 127, 0, 8;
    %assign/vec4 v0x7fb12786c230_0, 0;
    %pushi/vec4 56, 0, 16;
    %assign/vec4 v0x7fb12786c0d0_0, 0;
    %jmp T_2.160;
T_2.153 ;
    %pushi/vec4 191, 0, 8;
    %assign/vec4 v0x7fb12786c230_0, 0;
    %pushi/vec4 44, 0, 16;
    %assign/vec4 v0x7fb12786c0d0_0, 0;
    %jmp T_2.160;
T_2.154 ;
    %pushi/vec4 223, 0, 8;
    %assign/vec4 v0x7fb12786c230_0, 0;
    %pushi/vec4 60, 0, 16;
    %assign/vec4 v0x7fb12786c0d0_0, 0;
    %jmp T_2.160;
T_2.155 ;
    %pushi/vec4 239, 0, 8;
    %assign/vec4 v0x7fb12786c230_0, 0;
    %pushi/vec4 112, 0, 16;
    %assign/vec4 v0x7fb12786c0d0_0, 0;
    %jmp T_2.160;
T_2.156 ;
    %pushi/vec4 247, 0, 8;
    %assign/vec4 v0x7fb12786c230_0, 0;
    %pushi/vec4 380, 0, 16;
    %assign/vec4 v0x7fb12786c0d0_0, 0;
    %jmp T_2.160;
T_2.157 ;
    %pushi/vec4 251, 0, 8;
    %assign/vec4 v0x7fb12786c230_0, 0;
    %pushi/vec4 496, 0, 16;
    %assign/vec4 v0x7fb12786c0d0_0, 0;
    %jmp T_2.160;
T_2.158 ;
    %pushi/vec4 253, 0, 8;
    %assign/vec4 v0x7fb12786c230_0, 0;
    %pushi/vec4 240, 0, 16;
    %assign/vec4 v0x7fb12786c0d0_0, 0;
    %jmp T_2.160;
T_2.159 ;
    %pushi/vec4 254, 0, 8;
    %assign/vec4 v0x7fb12786c230_0, 0;
    %pushi/vec4 80, 0, 16;
    %assign/vec4 v0x7fb12786c0d0_0, 0;
    %jmp T_2.160;
T_2.160 ;
    %pop/vec4 1;
    %load/vec4 v0x7fb12786c2e0_0;
    %addi 1, 0, 3;
    %assign/vec4 v0x7fb12786c2e0_0, 0;
    %jmp T_2.16;
T_2.16 ;
    %pop/vec4 1;
    %jmp T_2;
    .thread T_2;
    .scope S_0x7fb12786c410;
T_3 ;
    %wait E_0x7fb12786c680;
    %load/vec4 v0x7fb12786c960_0;
    %nor/r;
    %flag_set/vec4 8;
    %jmp/0xz  T_3.0, 8;
    %pushi/vec4 0, 0, 4;
    %assign/vec4 v0x7fb12786c800_0, 0;
    %jmp T_3.1;
T_3.0 ;
    %load/vec4 v0x7fb12786c8d0_0;
    %load/vec4 v0x7fb12786c770_0;
    %concat/vec4; draw_concat_vec4
    %dup/vec4;
    %pushi/vec4 1, 0, 2;
    %cmp/u;
    %jmp/1 T_3.2, 6;
    %dup/vec4;
    %pushi/vec4 2, 0, 2;
    %cmp/u;
    %jmp/1 T_3.3, 6;
    %jmp T_3.4;
T_3.2 ;
    %load/vec4 v0x7fb12786c800_0;
    %subi 1, 0, 4;
    %assign/vec4 v0x7fb12786c800_0, 0;
    %jmp T_3.4;
T_3.3 ;
    %load/vec4 v0x7fb12786c800_0;
    %addi 1, 0, 4;
    %assign/vec4 v0x7fb12786c800_0, 0;
    %jmp T_3.4;
T_3.4 ;
    %pop/vec4 1;
T_3.1 ;
    %jmp T_3;
    .thread T_3;
# The file index is used to find the file name in the following table.
:file_names 3;
    "N/A";
    "<interactive>";
    "lab.v";
